2025/03/18 11:38:18 [emerg] 9#9: invalid number of arguments in "fastcgi_param" directive in /etc/nginx/nginx.conf:73
2025/03/18 11:38:18 [emerg] 9#9: invalid number of arguments in "fastcgi_param" directive in /etc/nginx/nginx.conf:73
2025/03/18 11:38:19 [emerg] 8#8: invalid number of arguments in "fastcgi_param" directive in /etc/nginx/nginx.conf:73
2025/03/18 11:38:19 [emerg] 9#9: invalid number of arguments in "fastcgi_param" directive in /etc/nginx/nginx.conf:73
2025/03/18 11:38:20 [emerg] 9#9: invalid number of arguments in "fastcgi_param" directive in /etc/nginx/nginx.conf:73
2025/03/18 11:38:22 [emerg] 8#8: invalid number of arguments in "fastcgi_param" directive in /etc/nginx/nginx.conf:73
2025/03/18 11:38:25 [emerg] 9#9: invalid number of arguments in "fastcgi_param" directive in /etc/nginx/nginx.conf:73
2025/03/18 11:38:32 [emerg] 8#8: invalid number of arguments in "fastcgi_param" directive in /etc/nginx/nginx.conf:73
2025/03/18 11:38:45 [emerg] 8#8: invalid number of arguments in "fastcgi_param" directive in /etc/nginx/nginx.conf:73
2025/03/18 11:44:45 [emerg] 9#9: invalid number of arguments in "add_header" directive in /etc/nginx/nginx.conf:65
2025/03/18 11:44:45 [emerg] 8#8: invalid number of arguments in "add_header" directive in /etc/nginx/nginx.conf:65
2025/03/18 11:44:45 [emerg] 8#8: invalid number of arguments in "add_header" directive in /etc/nginx/nginx.conf:65
2025/03/18 11:44:46 [emerg] 8#8: invalid number of arguments in "add_header" directive in /etc/nginx/nginx.conf:65
2025/03/18 11:44:47 [emerg] 9#9: invalid number of arguments in "add_header" directive in /etc/nginx/nginx.conf:65
2025/03/18 11:44:49 [emerg] 8#8: invalid number of arguments in "add_header" directive in /etc/nginx/nginx.conf:65
2025/03/18 11:44:52 [emerg] 8#8: invalid number of arguments in "add_header" directive in /etc/nginx/nginx.conf:65
2025/03/18 11:44:59 [emerg] 8#8: invalid number of arguments in "add_header" directive in /etc/nginx/nginx.conf:65
2025/03/18 11:45:12 [emerg] 8#8: invalid number of arguments in "add_header" directive in /etc/nginx/nginx.conf:65
2025/03/18 11:46:02 [emerg] 8#8: invalid number of arguments in "add_header" directive in /etc/nginx/nginx.conf:65
2025/03/18 11:46:03 [emerg] 8#8: invalid number of arguments in "add_header" directive in /etc/nginx/nginx.conf:65
2025/03/18 11:46:03 [emerg] 8#8: invalid number of arguments in "add_header" directive in /etc/nginx/nginx.conf:65
2025/03/18 11:46:04 [emerg] 8#8: invalid number of arguments in "add_header" directive in /etc/nginx/nginx.conf:65
2025/03/18 11:46:05 [emerg] 9#9: invalid number of arguments in "add_header" directive in /etc/nginx/nginx.conf:65
2025/03/18 11:46:06 [emerg] 9#9: invalid number of arguments in "add_header" directive in /etc/nginx/nginx.conf:65
2025/03/18 11:46:10 [emerg] 9#9: invalid number of arguments in "add_header" directive in /etc/nginx/nginx.conf:65
2025/03/18 11:46:16 [emerg] 9#9: invalid number of arguments in "add_header" directive in /etc/nginx/nginx.conf:65
2025/03/18 11:46:29 [emerg] 7#7: invalid number of arguments in "add_header" directive in /etc/nginx/nginx.conf:65
2025/03/18 11:48:48 [emerg] 7#7: invalid number of arguments in "add_header" directive in /etc/nginx/nginx.conf:66
2025/03/18 11:48:48 [emerg] 8#8: invalid number of arguments in "add_header" directive in /etc/nginx/nginx.conf:66
2025/03/18 11:48:48 [emerg] 9#9: invalid number of arguments in "add_header" directive in /etc/nginx/nginx.conf:66
2025/03/18 11:48:49 [emerg] 8#8: invalid number of arguments in "add_header" directive in /etc/nginx/nginx.conf:66
2025/03/18 11:48:50 [emerg] 8#8: invalid number of arguments in "add_header" directive in /etc/nginx/nginx.conf:66
2025/03/18 11:48:52 [emerg] 9#9: invalid number of arguments in "add_header" directive in /etc/nginx/nginx.conf:66
2025/03/18 11:48:55 [emerg] 8#8: invalid number of arguments in "add_header" directive in /etc/nginx/nginx.conf:66
2025/03/18 11:49:02 [emerg] 9#9: invalid number of arguments in "add_header" directive in /etc/nginx/nginx.conf:66
2025/03/18 11:49:37 [emerg] 8#8: invalid number of arguments in "add_header" directive in /etc/nginx/nginx.conf:75
2025/03/18 11:49:37 [emerg] 9#9: invalid number of arguments in "add_header" directive in /etc/nginx/nginx.conf:75
2025/03/18 11:49:38 [emerg] 8#8: invalid number of arguments in "add_header" directive in /etc/nginx/nginx.conf:75
2025/03/18 11:49:38 [emerg] 9#9: invalid number of arguments in "add_header" directive in /etc/nginx/nginx.conf:75
2025/03/18 11:49:39 [emerg] 8#8: invalid number of arguments in "add_header" directive in /etc/nginx/nginx.conf:75
2025/03/18 11:49:41 [emerg] 9#9: invalid number of arguments in "add_header" directive in /etc/nginx/nginx.conf:75
2025/03/18 11:49:44 [emerg] 8#8: invalid number of arguments in "add_header" directive in /etc/nginx/nginx.conf:75
2025/03/18 11:50:51 [emerg] 7#7: invalid number of arguments in "add_header" directive in /etc/nginx/nginx.conf:76
2025/03/18 11:50:51 [emerg] 8#8: invalid number of arguments in "add_header" directive in /etc/nginx/nginx.conf:76
2025/03/18 11:50:51 [emerg] 8#8: invalid number of arguments in "add_header" directive in /etc/nginx/nginx.conf:76
2025/03/18 11:50:52 [emerg] 9#9: invalid number of arguments in "add_header" directive in /etc/nginx/nginx.conf:76
2025/03/18 11:50:53 [emerg] 8#8: invalid number of arguments in "add_header" directive in /etc/nginx/nginx.conf:76
2025/03/18 11:50:55 [emerg] 9#9: invalid number of arguments in "add_header" directive in /etc/nginx/nginx.conf:76
2025/03/18 11:50:58 [emerg] 9#9: invalid number of arguments in "add_header" directive in /etc/nginx/nginx.conf:76
2025/03/18 11:54:19 [emerg] 7#7: unexpected "}" in /etc/nginx/nginx.conf:67
2025/03/18 11:54:19 [emerg] 7#7: unexpected "}" in /etc/nginx/nginx.conf:67
2025/03/18 11:54:20 [emerg] 8#8: unexpected "}" in /etc/nginx/nginx.conf:67
2025/03/18 11:54:20 [emerg] 9#9: unexpected "}" in /etc/nginx/nginx.conf:67
2025/03/18 11:54:21 [emerg] 8#8: unexpected "}" in /etc/nginx/nginx.conf:67
2025/03/18 11:54:23 [emerg] 9#9: unexpected "}" in /etc/nginx/nginx.conf:67
2025/03/18 11:54:27 [emerg] 9#9: unexpected "}" in /etc/nginx/nginx.conf:67
2025/03/18 11:54:33 [emerg] 8#8: unexpected "}" in /etc/nginx/nginx.conf:67
2025/03/18 11:55:50 [emerg] 8#8: unexpected "}" in /etc/nginx/nginx.conf:65
2025/03/18 11:55:51 [emerg] 9#9: unexpected "}" in /etc/nginx/nginx.conf:65
2025/03/18 11:55:51 [emerg] 8#8: unexpected "}" in /etc/nginx/nginx.conf:65
2025/03/18 11:55:52 [emerg] 9#9: unexpected "}" in /etc/nginx/nginx.conf:65
2025/03/18 11:55:53 [emerg] 8#8: unexpected "}" in /etc/nginx/nginx.conf:65
2025/03/18 11:55:54 [emerg] 8#8: unexpected "}" in /etc/nginx/nginx.conf:65
2025/03/18 11:55:58 [emerg] 8#8: unexpected "}" in /etc/nginx/nginx.conf:65
2025/03/18 11:56:04 [emerg] 9#9: unexpected "}" in /etc/nginx/nginx.conf:65
2025/03/18 11:56:17 [emerg] 9#9: unexpected "}" in /etc/nginx/nginx.conf:65
2025/03/18 11:56:27 [emerg] 7#7: unexpected "}" in /etc/nginx/nginx.conf:65
2025/03/18 11:56:28 [emerg] 9#9: unexpected "}" in /etc/nginx/nginx.conf:65
2025/03/18 11:56:28 [emerg] 8#8: unexpected "}" in /etc/nginx/nginx.conf:65
2025/03/18 11:56:29 [emerg] 8#8: unexpected "}" in /etc/nginx/nginx.conf:65
2025/03/18 11:56:30 [emerg] 9#9: unexpected "}" in /etc/nginx/nginx.conf:65
2025/03/18 11:56:31 [emerg] 8#8: unexpected "}" in /etc/nginx/nginx.conf:65
2025/03/18 11:56:35 [emerg] 8#8: unexpected "}" in /etc/nginx/nginx.conf:65
2025/03/18 11:56:41 [emerg] 9#9: unexpected "}" in /etc/nginx/nginx.conf:65
2025/03/18 12:02:14 [emerg] 8#8: invalid number of arguments in "fastcgi_param" directive in /etc/nginx/nginx.conf:73
2025/03/18 12:02:14 [emerg] 8#8: invalid number of arguments in "fastcgi_param" directive in /etc/nginx/nginx.conf:73
2025/03/18 12:02:14 [emerg] 8#8: invalid number of arguments in "fastcgi_param" directive in /etc/nginx/nginx.conf:73
2025/03/18 12:02:15 [emerg] 7#7: invalid number of arguments in "fastcgi_param" directive in /etc/nginx/nginx.conf:73
2025/03/18 12:02:16 [emerg] 9#9: invalid number of arguments in "fastcgi_param" directive in /etc/nginx/nginx.conf:73
2025/03/18 12:02:18 [emerg] 8#8: invalid number of arguments in "fastcgi_param" directive in /etc/nginx/nginx.conf:73
2025/03/18 12:02:21 [emerg] 8#8: invalid number of arguments in "fastcgi_param" directive in /etc/nginx/nginx.conf:73
2025/03/18 12:02:28 [emerg] 9#9: invalid number of arguments in "fastcgi_param" directive in /etc/nginx/nginx.conf:73
2025/03/18 12:02:41 [emerg] 8#8: invalid number of arguments in "fastcgi_param" directive in /etc/nginx/nginx.conf:73
2025/03/18 12:03:06 [emerg] 8#8: invalid number of arguments in "fastcgi_param" directive in /etc/nginx/nginx.conf:73
2025/03/18 12:04:30 [notice] 9#9: using the "epoll" event method
2025/03/18 12:04:30 [notice] 9#9: nginx/1.26.2
2025/03/18 12:04:30 [notice] 9#9: OS: Linux 6.1.0-31-amd64
2025/03/18 12:04:30 [notice] 9#9: getrlimit(RLIMIT_NOFILE): 1048576:1048576
2025/03/18 12:04:30 [notice] 9#9: start worker processes
2025/03/18 12:04:30 [notice] 9#9: start worker process 10
2025/03/18 12:04:30 [notice] 9#9: start worker process 11
2025/03/18 12:17:40 [notice] 8#8: using the "epoll" event method
2025/03/18 12:17:40 [notice] 8#8: nginx/1.26.2
2025/03/18 12:17:40 [notice] 8#8: OS: Linux 6.1.0-31-amd64
2025/03/18 12:17:40 [notice] 8#8: getrlimit(RLIMIT_NOFILE): 1048576:1048576
2025/03/18 12:17:40 [notice] 8#8: start worker processes
2025/03/18 12:17:40 [notice] 8#8: start worker process 9
2025/03/18 12:17:40 [notice] 8#8: start worker process 10
2025/03/18 12:26:33 [error] 9#9: *18 recv() failed (104: Connection reset by peer) while reading response header from upstream, client: 172.18.0.1, server: araveala.42.fr, request: "GET /test.php HTTP/1.1", upstream: "fastcgi://172.18.0.3:9000", host: "araveala.42.fr"
2025/03/18 12:29:14 [error] 10#10: *26 recv() failed (104: Connection reset by peer) while reading response header from upstream, client: 172.18.0.1, server: araveala.42.fr, request: "GET /test.php HTTP/1.1", upstream: "fastcgi://172.18.0.3:9000", host: "araveala.42.fr"
2025/03/18 12:47:38 [notice] 8#8: using the "epoll" event method
2025/03/18 12:47:38 [notice] 8#8: nginx/1.26.2
2025/03/18 12:47:38 [notice] 8#8: OS: Linux 6.1.0-31-amd64
2025/03/18 12:47:38 [notice] 8#8: getrlimit(RLIMIT_NOFILE): 1048576:1048576
2025/03/18 12:47:38 [notice] 8#8: start worker processes
2025/03/18 12:47:38 [notice] 8#8: start worker process 9
2025/03/18 12:47:38 [notice] 8#8: start worker process 10
2025/03/18 12:53:13 [notice] 8#8: using the "epoll" event method
2025/03/18 12:53:13 [notice] 8#8: nginx/1.26.2
2025/03/18 12:53:13 [notice] 8#8: OS: Linux 6.1.0-31-amd64
2025/03/18 12:53:13 [notice] 8#8: getrlimit(RLIMIT_NOFILE): 1048576:1048576
2025/03/18 12:53:13 [notice] 8#8: start worker processes
2025/03/18 12:53:13 [notice] 8#8: start worker process 9
2025/03/18 12:53:13 [notice] 8#8: start worker process 10
2025/03/18 13:07:01 [notice] 8#8: using the "epoll" event method
2025/03/18 13:07:01 [notice] 8#8: nginx/1.26.2
2025/03/18 13:07:01 [notice] 8#8: OS: Linux 6.1.0-31-amd64
2025/03/18 13:07:01 [notice] 8#8: getrlimit(RLIMIT_NOFILE): 1048576:1048576
2025/03/18 13:07:01 [notice] 8#8: start worker processes
2025/03/18 13:07:01 [notice] 8#8: start worker process 9
2025/03/18 13:07:01 [notice] 8#8: start worker process 10
2025/03/18 13:10:44 [notice] 8#8: using the "epoll" event method
2025/03/18 13:10:44 [notice] 8#8: nginx/1.26.2
2025/03/18 13:10:44 [notice] 8#8: OS: Linux 6.1.0-31-amd64
2025/03/18 13:10:44 [notice] 8#8: getrlimit(RLIMIT_NOFILE): 1048576:1048576
2025/03/18 13:10:44 [notice] 8#8: start worker processes
2025/03/18 13:10:44 [notice] 8#8: start worker process 9
2025/03/18 13:10:44 [notice] 8#8: start worker process 10
2025/03/18 13:17:52 [emerg] 9#9: invalid number of arguments in "fastcgi_param" directive in /etc/nginx/nginx.conf:76
2025/03/18 13:17:53 [emerg] 9#9: invalid number of arguments in "fastcgi_param" directive in /etc/nginx/nginx.conf:76
2025/03/18 13:17:53 [emerg] 9#9: invalid number of arguments in "fastcgi_param" directive in /etc/nginx/nginx.conf:76
2025/03/18 13:17:54 [emerg] 8#8: invalid number of arguments in "fastcgi_param" directive in /etc/nginx/nginx.conf:76
2025/03/18 13:17:55 [emerg] 8#8: invalid number of arguments in "fastcgi_param" directive in /etc/nginx/nginx.conf:76
2025/03/18 13:17:56 [emerg] 9#9: invalid number of arguments in "fastcgi_param" directive in /etc/nginx/nginx.conf:76
2025/03/18 13:18:00 [emerg] 9#9: invalid number of arguments in "fastcgi_param" directive in /etc/nginx/nginx.conf:76
2025/03/18 13:18:06 [emerg] 8#8: invalid number of arguments in "fastcgi_param" directive in /etc/nginx/nginx.conf:76
2025/03/18 13:20:08 [notice] 8#8: using the "epoll" event method
2025/03/18 13:20:08 [notice] 8#8: nginx/1.26.3
2025/03/18 13:20:08 [notice] 8#8: OS: Linux 6.1.0-31-amd64
2025/03/18 13:20:08 [notice] 8#8: getrlimit(RLIMIT_NOFILE): 1048576:1048576
2025/03/18 13:20:08 [notice] 8#8: start worker processes
2025/03/18 13:20:08 [notice] 8#8: start worker process 9
2025/03/18 13:20:08 [notice] 8#8: start worker process 10
2025/03/18 13:32:03 [error] 9#9: *24 recv() failed (104: Connection reset by peer) while reading response header from upstream, client: 172.18.0.1, server: araveala.42.fr, request: "GET /test.php HTTP/1.1", upstream: "fastcgi://172.18.0.3:9000", host: "localhost"
2025/03/18 13:32:32 [error] 10#10: *27 recv() failed (104: Connection reset by peer) while reading response header from upstream, client: 172.18.0.1, server: araveala.42.fr, request: "GET /test.php HTTP/1.1", upstream: "fastcgi://172.18.0.3:9000", host: "araveala.42.fr"
2025/03/18 13:34:07 [emerg] 8#8: invalid number of arguments in "fastcgi_param" directive in /etc/nginx/nginx.conf:76
2025/03/18 13:34:07 [emerg] 8#8: invalid number of arguments in "fastcgi_param" directive in /etc/nginx/nginx.conf:76
2025/03/18 13:34:08 [emerg] 8#8: invalid number of arguments in "fastcgi_param" directive in /etc/nginx/nginx.conf:76
2025/03/18 13:34:08 [emerg] 9#9: invalid number of arguments in "fastcgi_param" directive in /etc/nginx/nginx.conf:76
2025/03/18 13:34:09 [emerg] 9#9: invalid number of arguments in "fastcgi_param" directive in /etc/nginx/nginx.conf:76
2025/03/18 13:34:11 [emerg] 9#9: invalid number of arguments in "fastcgi_param" directive in /etc/nginx/nginx.conf:76
2025/03/18 13:34:14 [emerg] 9#9: invalid number of arguments in "fastcgi_param" directive in /etc/nginx/nginx.conf:76
2025/03/18 13:34:21 [emerg] 8#8: invalid number of arguments in "fastcgi_param" directive in /etc/nginx/nginx.conf:76
2025/03/18 13:34:34 [emerg] 9#9: invalid number of arguments in "fastcgi_param" directive in /etc/nginx/nginx.conf:76
2025/03/18 13:37:14 [emerg] 8#8: "log_format" directive is not allowed here in /etc/nginx/nginx.conf:80
2025/03/18 13:37:14 [emerg] 9#9: "log_format" directive is not allowed here in /etc/nginx/nginx.conf:80
2025/03/18 13:37:15 [emerg] 8#8: "log_format" directive is not allowed here in /etc/nginx/nginx.conf:80
2025/03/18 13:37:15 [emerg] 9#9: "log_format" directive is not allowed here in /etc/nginx/nginx.conf:80
2025/03/18 13:37:16 [emerg] 9#9: "log_format" directive is not allowed here in /etc/nginx/nginx.conf:80
2025/03/18 13:37:18 [emerg] 9#9: "log_format" directive is not allowed here in /etc/nginx/nginx.conf:80
2025/03/18 13:37:21 [emerg] 9#9: "log_format" directive is not allowed here in /etc/nginx/nginx.conf:80
2025/03/18 13:37:28 [emerg] 8#8: "log_format" directive is not allowed here in /etc/nginx/nginx.conf:80
2025/03/18 13:37:41 [emerg] 8#8: "log_format" directive is not allowed here in /etc/nginx/nginx.conf:80
2025/03/18 13:38:07 [emerg] 8#8: "log_format" directive is not allowed here in /etc/nginx/nginx.conf:80
2025/03/18 13:38:58 [emerg] 9#9: "log_format" directive is not allowed here in /etc/nginx/nginx.conf:80
2025/03/18 13:39:55 [emerg] 8#8: "log_format" directive is not allowed here in /etc/nginx/nginx.conf:80
2025/03/18 13:39:56 [emerg] 8#8: "log_format" directive is not allowed here in /etc/nginx/nginx.conf:80
2025/03/18 13:39:56 [emerg] 8#8: "log_format" directive is not allowed here in /etc/nginx/nginx.conf:80
2025/03/18 13:39:57 [emerg] 8#8: "log_format" directive is not allowed here in /etc/nginx/nginx.conf:80
2025/03/18 13:39:58 [emerg] 8#8: "log_format" directive is not allowed here in /etc/nginx/nginx.conf:80
2025/03/18 13:40:00 [emerg] 8#8: "log_format" directive is not allowed here in /etc/nginx/nginx.conf:80
2025/03/18 13:40:03 [emerg] 8#8: "log_format" directive is not allowed here in /etc/nginx/nginx.conf:80
2025/03/18 13:41:48 [notice] 8#8: using the "epoll" event method
2025/03/18 13:41:48 [notice] 8#8: nginx/1.26.3
2025/03/18 13:41:48 [notice] 8#8: OS: Linux 6.1.0-31-amd64
2025/03/18 13:41:48 [notice] 8#8: getrlimit(RLIMIT_NOFILE): 1048576:1048576
2025/03/18 13:41:48 [notice] 8#8: start worker processes
2025/03/18 13:41:48 [notice] 8#8: start worker process 9
2025/03/18 13:41:48 [notice] 8#8: start worker process 10
2025/03/18 13:45:43 [notice] 8#8: using the "epoll" event method
2025/03/18 13:45:43 [notice] 8#8: nginx/1.26.3
2025/03/18 13:45:43 [notice] 8#8: OS: Linux 6.1.0-31-amd64
2025/03/18 13:45:43 [notice] 8#8: getrlimit(RLIMIT_NOFILE): 1048576:1048576
2025/03/18 13:45:43 [notice] 8#8: start worker processes
2025/03/18 13:45:43 [notice] 8#8: start worker process 9
2025/03/18 13:45:43 [notice] 8#8: start worker process 10
2025/03/18 13:55:17 [emerg] 8#8: unexpected """ in /etc/nginx/nginx.conf:21
2025/03/18 13:55:17 [emerg] 9#9: unexpected """ in /etc/nginx/nginx.conf:21
2025/03/18 13:55:17 [emerg] 8#8: unexpected """ in /etc/nginx/nginx.conf:21
2025/03/18 13:55:18 [emerg] 8#8: unexpected """ in /etc/nginx/nginx.conf:21
2025/03/18 13:55:19 [emerg] 8#8: unexpected """ in /etc/nginx/nginx.conf:21
2025/03/18 13:55:21 [emerg] 8#8: unexpected """ in /etc/nginx/nginx.conf:21
2025/03/18 13:55:24 [emerg] 8#8: unexpected """ in /etc/nginx/nginx.conf:21
2025/03/18 13:55:30 [emerg] 9#9: unexpected """ in /etc/nginx/nginx.conf:21
2025/03/18 13:55:43 [emerg] 8#8: unexpected """ in /etc/nginx/nginx.conf:21
2025/03/18 13:56:09 [emerg] 8#8: unexpected """ in /etc/nginx/nginx.conf:21
2025/03/18 14:02:48 [emerg] 8#8: unexpected """ in /etc/nginx/nginx.conf:21
2025/03/18 14:02:49 [emerg] 9#9: unexpected """ in /etc/nginx/nginx.conf:21
2025/03/18 14:02:49 [emerg] 9#9: unexpected """ in /etc/nginx/nginx.conf:21
2025/03/18 14:02:50 [emerg] 8#8: unexpected """ in /etc/nginx/nginx.conf:21
2025/03/18 14:02:51 [emerg] 9#9: unexpected """ in /etc/nginx/nginx.conf:21
2025/03/18 14:02:53 [emerg] 9#9: unexpected """ in /etc/nginx/nginx.conf:21
2025/03/18 14:02:56 [emerg] 8#8: unexpected """ in /etc/nginx/nginx.conf:21
2025/03/18 14:03:02 [emerg] 8#8: unexpected """ in /etc/nginx/nginx.conf:21
2025/03/18 14:03:15 [emerg] 8#8: unexpected """ in /etc/nginx/nginx.conf:21
2025/03/18 14:03:41 [emerg] 9#9: unexpected """ in /etc/nginx/nginx.conf:21
2025/03/18 14:05:56 [notice] 8#8: using the "epoll" event method
2025/03/18 14:05:56 [notice] 8#8: nginx/1.26.3
2025/03/18 14:05:56 [notice] 8#8: OS: Linux 6.1.0-31-amd64
2025/03/18 14:05:56 [notice] 8#8: getrlimit(RLIMIT_NOFILE): 1048576:1048576
2025/03/18 14:05:56 [notice] 8#8: start worker processes
2025/03/18 14:05:56 [notice] 8#8: start worker process 9
2025/03/18 14:05:56 [notice] 8#8: start worker process 10
2025/03/18 14:08:48 [notice] 9#9: using the "epoll" event method
2025/03/18 14:08:48 [notice] 9#9: nginx/1.26.3
2025/03/18 14:08:48 [notice] 9#9: OS: Linux 6.1.0-31-amd64
2025/03/18 14:08:48 [notice] 9#9: getrlimit(RLIMIT_NOFILE): 1048576:1048576
2025/03/18 14:08:48 [notice] 9#9: start worker processes
2025/03/18 14:08:48 [notice] 9#9: start worker process 10
2025/03/18 14:08:48 [notice] 9#9: start worker process 11
2025/03/18 14:12:22 [emerg] 9#9: no "events" section in configuration
2025/03/18 14:12:22 [emerg] 9#9: no "events" section in configuration
2025/03/18 14:12:23 [emerg] 9#9: no "events" section in configuration
2025/03/18 14:12:23 [emerg] 10#10: no "events" section in configuration
2025/03/18 14:12:24 [emerg] 9#9: no "events" section in configuration
2025/03/18 14:12:26 [emerg] 10#10: no "events" section in configuration
2025/03/18 14:12:29 [emerg] 9#9: no "events" section in configuration
2025/03/18 14:12:36 [emerg] 9#9: no "events" section in configuration
2025/03/18 14:13:27 [emerg] 9#9: host not found in "${SECURE_PORT}" of the "listen" directive in /etc/nginx/nginx.conf:48
2025/03/18 14:13:28 [emerg] 9#9: host not found in "${SECURE_PORT}" of the "listen" directive in /etc/nginx/nginx.conf:48
2025/03/18 14:13:28 [emerg] 10#10: host not found in "${SECURE_PORT}" of the "listen" directive in /etc/nginx/nginx.conf:48
2025/03/18 14:13:29 [emerg] 9#9: host not found in "${SECURE_PORT}" of the "listen" directive in /etc/nginx/nginx.conf:48
2025/03/18 14:13:30 [emerg] 10#10: host not found in "${SECURE_PORT}" of the "listen" directive in /etc/nginx/nginx.conf:48
2025/03/18 14:13:31 [emerg] 9#9: host not found in "${SECURE_PORT}" of the "listen" directive in /etc/nginx/nginx.conf:48
2025/03/18 14:13:35 [emerg] 9#9: host not found in "${SECURE_PORT}" of the "listen" directive in /etc/nginx/nginx.conf:48
2025/03/18 14:13:41 [emerg] 9#9: host not found in "${SECURE_PORT}" of the "listen" directive in /etc/nginx/nginx.conf:48
2025/03/18 14:13:54 [emerg] 10#10: host not found in "${SECURE_PORT}" of the "listen" directive in /etc/nginx/nginx.conf:48
2025/03/18 14:14:20 [emerg] 10#10: host not found in "${SECURE_PORT}" of the "listen" directive in /etc/nginx/nginx.conf:48
2025/03/18 14:15:11 [emerg] 9#9: host not found in "${SECURE_PORT}" of the "listen" directive in /etc/nginx/nginx.conf:48
2025/03/18 14:17:09 [emerg] 9#9: host not found in "${SECURE_PORT}" of the "listen" directive in /etc/nginx/nginx.conf:48
2025/03/18 14:17:10 [emerg] 9#9: host not found in "${SECURE_PORT}" of the "listen" directive in /etc/nginx/nginx.conf:48
2025/03/18 14:17:10 [emerg] 9#9: host not found in "${SECURE_PORT}" of the "listen" directive in /etc/nginx/nginx.conf:48
2025/03/18 14:17:11 [emerg] 10#10: host not found in "${SECURE_PORT}" of the "listen" directive in /etc/nginx/nginx.conf:48
2025/03/18 14:17:12 [emerg] 9#9: host not found in "${SECURE_PORT}" of the "listen" directive in /etc/nginx/nginx.conf:48
2025/03/18 14:17:13 [emerg] 10#10: host not found in "${SECURE_PORT}" of the "listen" directive in /etc/nginx/nginx.conf:48
2025/03/18 14:17:17 [emerg] 10#10: host not found in "${SECURE_PORT}" of the "listen" directive in /etc/nginx/nginx.conf:48
2025/03/18 14:17:23 [emerg] 9#9: host not found in "${SECURE_PORT}" of the "listen" directive in /etc/nginx/nginx.conf:48
2025/03/18 14:17:36 [emerg] 10#10: host not found in "${SECURE_PORT}" of the "listen" directive in /etc/nginx/nginx.conf:48
2025/03/18 14:18:02 [emerg] 10#10: host not found in "${SECURE_PORT}" of the "listen" directive in /etc/nginx/nginx.conf:48
2025/03/18 14:18:59 [emerg] 8#8: unexpected """ in /etc/nginx/nginx.conf:26
2025/03/18 14:18:59 [emerg] 8#8: unexpected """ in /etc/nginx/nginx.conf:26
2025/03/18 14:18:59 [emerg] 8#8: unexpected """ in /etc/nginx/nginx.conf:26
2025/03/18 14:19:00 [emerg] 8#8: unexpected """ in /etc/nginx/nginx.conf:26
2025/03/18 14:19:01 [emerg] 8#8: unexpected """ in /etc/nginx/nginx.conf:26
2025/03/18 14:19:03 [emerg] 8#8: unexpected """ in /etc/nginx/nginx.conf:26
2025/03/18 14:19:06 [emerg] 8#8: unexpected """ in /etc/nginx/nginx.conf:26
2025/03/18 14:19:12 [emerg] 8#8: unexpected """ in /etc/nginx/nginx.conf:26
2025/03/18 14:19:25 [emerg] 8#8: unexpected """ in /etc/nginx/nginx.conf:26
2025/03/18 14:19:51 [emerg] 8#8: unexpected """ in /etc/nginx/nginx.conf:26
2025/03/18 14:20:13 [emerg] 8#8: unexpected """ in /etc/nginx/nginx.conf:26
2025/03/18 14:20:13 [emerg] 9#9: unexpected """ in /etc/nginx/nginx.conf:26
2025/03/18 14:20:13 [emerg] 9#9: unexpected """ in /etc/nginx/nginx.conf:26
2025/03/18 14:20:14 [emerg] 9#9: unexpected """ in /etc/nginx/nginx.conf:26
2025/03/18 14:20:15 [emerg] 9#9: unexpected """ in /etc/nginx/nginx.conf:26
2025/03/18 14:20:17 [emerg] 9#9: unexpected """ in /etc/nginx/nginx.conf:26
2025/03/18 14:20:20 [emerg] 9#9: unexpected """ in /etc/nginx/nginx.conf:26
2025/03/18 14:21:27 [emerg] 9#9: unexpected """ in /etc/nginx/nginx.conf:22
2025/03/18 14:21:28 [emerg] 9#9: unexpected """ in /etc/nginx/nginx.conf:22
2025/03/18 14:21:28 [emerg] 8#8: unexpected """ in /etc/nginx/nginx.conf:22
2025/03/18 14:21:29 [emerg] 8#8: unexpected """ in /etc/nginx/nginx.conf:22
2025/03/18 14:21:30 [emerg] 9#9: unexpected """ in /etc/nginx/nginx.conf:22
2025/03/18 14:21:31 [emerg] 8#8: unexpected """ in /etc/nginx/nginx.conf:22
2025/03/18 14:21:35 [emerg] 8#8: unexpected """ in /etc/nginx/nginx.conf:22
2025/03/18 14:21:41 [emerg] 8#8: unexpected """ in /etc/nginx/nginx.conf:22
2025/03/18 14:21:54 [emerg] 8#8: unexpected """ in /etc/nginx/nginx.conf:22
2025/03/18 14:22:20 [emerg] 8#8: unknown log format "custom" in /etc/nginx/nginx.conf:20
2025/03/18 14:22:20 [emerg] 8#8: unknown log format "custom" in /etc/nginx/nginx.conf:20
2025/03/18 14:22:21 [emerg] 8#8: unknown log format "custom" in /etc/nginx/nginx.conf:20
2025/03/18 14:22:21 [emerg] 8#8: unknown log format "custom" in /etc/nginx/nginx.conf:20
2025/03/18 14:22:22 [emerg] 8#8: unknown log format "custom" in /etc/nginx/nginx.conf:20
2025/03/18 14:22:24 [emerg] 8#8: unknown log format "custom" in /etc/nginx/nginx.conf:20
2025/03/18 14:22:27 [emerg] 9#9: unknown log format "custom" in /etc/nginx/nginx.conf:20
2025/03/18 14:22:34 [emerg] 8#8: unknown log format "custom" in /etc/nginx/nginx.conf:20
2025/03/18 14:22:47 [emerg] 8#8: unknown log format "custom" in /etc/nginx/nginx.conf:20
2025/03/18 14:23:13 [emerg] 8#8: unknown log format "custom" in /etc/nginx/nginx.conf:20
2025/03/18 14:24:04 [emerg] 8#8: unknown log format "custom" in /etc/nginx/nginx.conf:20
2025/03/18 14:24:47 [notice] 9#9: using the "epoll" event method
2025/03/18 14:24:47 [notice] 9#9: nginx/1.26.3
2025/03/18 14:24:47 [notice] 9#9: OS: Linux 6.1.0-31-amd64
2025/03/18 14:24:47 [notice] 9#9: getrlimit(RLIMIT_NOFILE): 1048576:1048576
2025/03/18 14:24:47 [notice] 9#9: start worker processes
2025/03/18 14:24:47 [notice] 9#9: start worker process 10
2025/03/18 14:24:47 [notice] 9#9: start worker process 11
2025/03/18 14:30:14 [emerg] 9#9: unknown "script_filename" variable
2025/03/18 14:30:15 [emerg] 8#8: unknown "script_filename" variable
2025/03/18 14:30:15 [emerg] 9#9: unknown "script_filename" variable
2025/03/18 14:30:16 [emerg] 9#9: unknown "script_filename" variable
2025/03/18 14:30:17 [emerg] 9#9: unknown "script_filename" variable
2025/03/18 14:30:18 [emerg] 8#8: unknown "script_filename" variable
2025/03/18 14:30:22 [emerg] 8#8: unknown "script_filename" variable
2025/03/18 14:30:29 [emerg] 9#9: unknown "script_filename" variable
2025/03/18 14:30:42 [emerg] 8#8: unknown "script_filename" variable
2025/03/18 14:31:07 [emerg] 8#8: unknown "script_filename" variable
2025/03/18 14:31:59 [emerg] 9#9: unknown "script_filename" variable
2025/03/18 14:34:22 [emerg] 9#9: no "events" section in configuration
2025/03/18 14:34:22 [emerg] 9#9: no "events" section in configuration
2025/03/18 14:34:23 [emerg] 10#10: no "events" section in configuration
2025/03/18 14:34:23 [emerg] 9#9: no "events" section in configuration
2025/03/18 14:34:24 [emerg] 10#10: no "events" section in configuration
2025/03/18 14:34:26 [emerg] 9#9: no "events" section in configuration
2025/03/18 14:34:29 [emerg] 9#9: no "events" section in configuration
2025/03/18 14:34:36 [emerg] 9#9: no "events" section in configuration
2025/03/18 14:34:49 [emerg] 9#9: no "events" section in configuration
2025/03/18 14:35:11 [emerg] 9#9: unknown directive "i" in /etc/nginx/nginx.conf:20
2025/03/18 14:35:12 [emerg] 9#9: unknown directive "i" in /etc/nginx/nginx.conf:20
2025/03/18 14:35:12 [emerg] 9#9: unknown directive "i" in /etc/nginx/nginx.conf:20
2025/03/18 14:35:13 [emerg] 10#10: unknown directive "i" in /etc/nginx/nginx.conf:20
2025/03/18 14:35:14 [emerg] 9#9: unknown directive "i" in /etc/nginx/nginx.conf:20
2025/03/18 14:35:15 [emerg] 9#9: unknown directive "i" in /etc/nginx/nginx.conf:20
2025/03/18 14:35:19 [emerg] 10#10: unknown directive "i" in /etc/nginx/nginx.conf:20
2025/03/18 14:35:25 [emerg] 9#9: unknown directive "i" in /etc/nginx/nginx.conf:20
2025/03/18 14:35:38 [emerg] 10#10: unknown directive "i" in /etc/nginx/nginx.conf:20
2025/03/18 14:36:04 [emerg] 10#10: unknown directive "i" in /etc/nginx/nginx.conf:20
2025/03/18 14:36:56 [emerg] 10#10: unknown directive "i" in /etc/nginx/nginx.conf:20
2025/03/18 14:38:07 [emerg] 9#9: host not found in "${SECURE_PORT}" of the "listen" directive in /etc/nginx/nginx.conf:48
2025/03/18 14:38:08 [emerg] 9#9: host not found in "${SECURE_PORT}" of the "listen" directive in /etc/nginx/nginx.conf:48
2025/03/18 14:38:08 [emerg] 9#9: host not found in "${SECURE_PORT}" of the "listen" directive in /etc/nginx/nginx.conf:48
2025/03/18 14:38:09 [emerg] 9#9: host not found in "${SECURE_PORT}" of the "listen" directive in /etc/nginx/nginx.conf:48
2025/03/18 14:38:10 [emerg] 10#10: host not found in "${SECURE_PORT}" of the "listen" directive in /etc/nginx/nginx.conf:48
2025/03/18 14:38:11 [emerg] 9#9: host not found in "${SECURE_PORT}" of the "listen" directive in /etc/nginx/nginx.conf:48
2025/03/18 14:38:15 [emerg] 9#9: host not found in "${SECURE_PORT}" of the "listen" directive in /etc/nginx/nginx.conf:48
2025/03/18 14:38:21 [emerg] 10#10: host not found in "${SECURE_PORT}" of the "listen" directive in /etc/nginx/nginx.conf:48
2025/03/18 14:38:34 [emerg] 10#10: host not found in "${SECURE_PORT}" of the "listen" directive in /etc/nginx/nginx.conf:48
2025/03/18 14:39:00 [emerg] 9#9: host not found in "${SECURE_PORT}" of the "listen" directive in /etc/nginx/nginx.conf:48
2025/03/18 14:39:52 [emerg] 10#10: host not found in "${SECURE_PORT}" of the "listen" directive in /etc/nginx/nginx.conf:48
2025/03/18 14:43:20 [emerg] 9#9: no "events" section in configuration
2025/03/18 14:43:20 [emerg] 8#8: no "events" section in configuration
2025/03/18 14:43:21 [emerg] 9#9: no "events" section in configuration
2025/03/18 14:43:21 [emerg] 8#8: no "events" section in configuration
2025/03/18 14:43:22 [emerg] 8#8: no "events" section in configuration
2025/03/18 14:43:24 [emerg] 9#9: no "events" section in configuration
2025/03/18 14:43:27 [emerg] 9#9: no "events" section in configuration
2025/03/18 14:43:34 [emerg] 8#8: no "events" section in configuration
2025/03/18 14:43:47 [emerg] 9#9: no "events" section in configuration
2025/03/18 14:44:13 [emerg] 8#8: no "events" section in configuration
2025/03/18 14:45:07 [emerg] 8#8: unknown "script_filename" variable
2025/03/18 14:45:07 [emerg] 7#7: unknown "script_filename" variable
2025/03/18 14:45:08 [emerg] 8#8: unknown "script_filename" variable
2025/03/18 14:45:08 [emerg] 8#8: unknown "script_filename" variable
2025/03/18 14:45:09 [emerg] 8#8: unknown "script_filename" variable
2025/03/18 14:45:11 [emerg] 7#7: unknown "script_filename" variable
2025/03/18 14:45:14 [emerg] 7#7: unknown "script_filename" variable
2025/03/18 14:45:21 [emerg] 7#7: unknown "script_filename" variable
2025/03/18 14:45:34 [emerg] 8#8: unknown "script_filename" variable
2025/03/18 14:46:00 [emerg] 7#7: unknown "script_filename" variable
2025/03/18 14:47:03 [emerg] 1#1: unknown "script_filename" variable
2025/03/18 14:47:03 [emerg] 1#1: unknown "script_filename" variable
2025/03/18 14:47:04 [emerg] 1#1: unknown "script_filename" variable
2025/03/18 14:47:04 [emerg] 1#1: unknown "script_filename" variable
2025/03/18 14:47:05 [emerg] 1#1: unknown "script_filename" variable
2025/03/18 14:47:07 [emerg] 1#1: unknown "script_filename" variable
2025/03/18 14:47:10 [emerg] 1#1: unknown "script_filename" variable
2025/03/18 14:47:17 [emerg] 1#1: unknown "script_filename" variable
2025/03/18 14:47:30 [emerg] 1#1: unknown "script_filename" variable
2025/03/18 14:47:56 [emerg] 1#1: unknown "script_filename" variable
2025/03/18 14:48:15 [notice] 1#1: using the "epoll" event method
2025/03/18 14:48:15 [notice] 1#1: nginx/1.26.3
2025/03/18 14:48:15 [notice] 1#1: OS: Linux 6.1.0-31-amd64
2025/03/18 14:48:15 [notice] 1#1: getrlimit(RLIMIT_NOFILE): 1048576:1048576
2025/03/18 14:48:15 [notice] 1#1: start worker processes
2025/03/18 14:48:15 [notice] 1#1: start worker process 8
2025/03/18 14:48:15 [notice] 1#1: start worker process 9
2025/03/18 14:48:45 [error] 8#8: *1 upstream prematurely closed connection while reading response header from upstream, client: ::1, server: araveala.42.fr, request: "GET / HTTP/1.1", upstream: "fastcgi://172.18.0.3:9000", host: "localhost"
2025/03/18 14:49:16 [error] 9#9: *3 upstream prematurely closed connection while reading response header from upstream, client: ::1, server: araveala.42.fr, request: "GET / HTTP/1.1", upstream: "fastcgi://172.18.0.3:9000", host: "localhost"
2025/03/18 14:49:46 [error] 8#8: *5 upstream prematurely closed connection while reading response header from upstream, client: ::1, server: araveala.42.fr, request: "GET / HTTP/1.1", upstream: "fastcgi://172.18.0.3:9000", host: "localhost"
2025/03/18 14:50:16 [error] 8#8: *7 upstream prematurely closed connection while reading response header from upstream, client: ::1, server: araveala.42.fr, request: "GET / HTTP/1.1", upstream: "fastcgi://172.18.0.3:9000", host: "localhost"
2025/03/18 14:50:46 [error] 8#8: *9 upstream prematurely closed connection while reading response header from upstream, client: ::1, server: araveala.42.fr, request: "GET / HTTP/1.1", upstream: "fastcgi://172.18.0.3:9000", host: "localhost"
2025/03/18 14:51:16 [error] 8#8: *11 upstream prematurely closed connection while reading response header from upstream, client: ::1, server: araveala.42.fr, request: "GET / HTTP/1.1", upstream: "fastcgi://172.18.0.3:9000", host: "localhost"
2025/03/18 14:51:46 [error] 8#8: *13 upstream prematurely closed connection while reading response header from upstream, client: ::1, server: araveala.42.fr, request: "GET / HTTP/1.1", upstream: "fastcgi://172.18.0.3:9000", host: "localhost"
2025/03/18 14:52:16 [error] 8#8: *15 upstream prematurely closed connection while reading response header from upstream, client: ::1, server: araveala.42.fr, request: "GET / HTTP/1.1", upstream: "fastcgi://172.18.0.3:9000", host: "localhost"
2025/03/18 14:52:46 [error] 8#8: *17 upstream prematurely closed connection while reading response header from upstream, client: ::1, server: araveala.42.fr, request: "GET / HTTP/1.1", upstream: "fastcgi://172.18.0.3:9000", host: "localhost"
2025/03/18 14:53:16 [error] 8#8: *19 upstream prematurely closed connection while reading response header from upstream, client: ::1, server: araveala.42.fr, request: "GET / HTTP/1.1", upstream: "fastcgi://172.18.0.3:9000", host: "localhost"
2025/03/18 14:53:46 [error] 8#8: *21 upstream prematurely closed connection while reading response header from upstream, client: ::1, server: araveala.42.fr, request: "GET / HTTP/1.1", upstream: "fastcgi://172.18.0.3:9000", host: "localhost"
2025/03/18 14:54:16 [error] 8#8: *23 upstream prematurely closed connection while reading response header from upstream, client: ::1, server: araveala.42.fr, request: "GET / HTTP/1.1", upstream: "fastcgi://172.18.0.3:9000", host: "localhost"
2025/03/18 14:54:46 [error] 8#8: *25 upstream prematurely closed connection while reading response header from upstream, client: ::1, server: araveala.42.fr, request: "GET / HTTP/1.1", upstream: "fastcgi://172.18.0.3:9000", host: "localhost"
2025/03/18 14:55:16 [error] 8#8: *27 recv() failed (104: Connection reset by peer) while reading response header from upstream, client: ::1, server: araveala.42.fr, request: "GET / HTTP/1.1", upstream: "fastcgi://172.18.0.3:9000", host: "localhost"
2025/03/18 14:55:46 [error] 8#8: *29 upstream prematurely closed connection while reading response header from upstream, client: ::1, server: araveala.42.fr, request: "GET / HTTP/1.1", upstream: "fastcgi://172.18.0.3:9000", host: "localhost"
2025/03/18 14:56:16 [error] 8#8: *31 upstream prematurely closed connection while reading response header from upstream, client: ::1, server: araveala.42.fr, request: "GET / HTTP/1.1", upstream: "fastcgi://172.18.0.3:9000", host: "localhost"
2025/03/18 14:56:46 [error] 8#8: *33 upstream prematurely closed connection while reading response header from upstream, client: ::1, server: araveala.42.fr, request: "GET / HTTP/1.1", upstream: "fastcgi://172.18.0.3:9000", host: "localhost"
2025/03/18 14:57:17 [error] 8#8: *35 upstream prematurely closed connection while reading response header from upstream, client: ::1, server: araveala.42.fr, request: "GET / HTTP/1.1", upstream: "fastcgi://172.18.0.3:9000", host: "localhost"
2025/03/18 14:57:47 [error] 9#9: *37 upstream prematurely closed connection while reading response header from upstream, client: ::1, server: araveala.42.fr, request: "GET / HTTP/1.1", upstream: "fastcgi://172.18.0.3:9000", host: "localhost"
2025/03/18 14:58:17 [error] 9#9: *39 upstream prematurely closed connection while reading response header from upstream, client: ::1, server: araveala.42.fr, request: "GET / HTTP/1.1", upstream: "fastcgi://172.18.0.3:9000", host: "localhost"
2025/03/18 14:58:47 [error] 9#9: *41 upstream prematurely closed connection while reading response header from upstream, client: ::1, server: araveala.42.fr, request: "GET / HTTP/1.1", upstream: "fastcgi://172.18.0.3:9000", host: "localhost"
2025/03/18 14:59:17 [error] 9#9: *43 upstream prematurely closed connection while reading response header from upstream, client: ::1, server: araveala.42.fr, request: "GET / HTTP/1.1", upstream: "fastcgi://172.18.0.3:9000", host: "localhost"
2025/03/18 14:59:47 [error] 9#9: *45 upstream prematurely closed connection while reading response header from upstream, client: ::1, server: araveala.42.fr, request: "GET / HTTP/1.1", upstream: "fastcgi://172.18.0.3:9000", host: "localhost"
2025/03/18 15:00:17 [error] 9#9: *47 upstream prematurely closed connection while reading response header from upstream, client: ::1, server: araveala.42.fr, request: "GET / HTTP/1.1", upstream: "fastcgi://172.18.0.3:9000", host: "localhost"
2025/03/18 15:00:47 [error] 9#9: *49 upstream prematurely closed connection while reading response header from upstream, client: ::1, server: araveala.42.fr, request: "GET / HTTP/1.1", upstream: "fastcgi://172.18.0.3:9000", host: "localhost"
2025/03/18 15:01:17 [error] 9#9: *51 upstream prematurely closed connection while reading response header from upstream, client: ::1, server: araveala.42.fr, request: "GET / HTTP/1.1", upstream: "fastcgi://172.18.0.3:9000", host: "localhost"
2025/03/18 15:01:47 [error] 9#9: *53 upstream prematurely closed connection while reading response header from upstream, client: ::1, server: araveala.42.fr, request: "GET / HTTP/1.1", upstream: "fastcgi://172.18.0.3:9000", host: "localhost"
2025/03/18 15:02:17 [error] 9#9: *55 upstream prematurely closed connection while reading response header from upstream, client: ::1, server: araveala.42.fr, request: "GET / HTTP/1.1", upstream: "fastcgi://172.18.0.3:9000", host: "localhost"
2025/03/18 15:02:47 [error] 9#9: *57 upstream prematurely closed connection while reading response header from upstream, client: ::1, server: araveala.42.fr, request: "GET / HTTP/1.1", upstream: "fastcgi://172.18.0.3:9000", host: "localhost"
2025/03/18 15:03:17 [error] 9#9: *59 upstream prematurely closed connection while reading response header from upstream, client: ::1, server: araveala.42.fr, request: "GET / HTTP/1.1", upstream: "fastcgi://172.18.0.3:9000", host: "localhost"
2025/03/18 15:03:47 [error] 9#9: *61 upstream prematurely closed connection while reading response header from upstream, client: ::1, server: araveala.42.fr, request: "GET / HTTP/1.1", upstream: "fastcgi://172.18.0.3:9000", host: "localhost"
2025/03/18 15:04:17 [error] 9#9: *63 upstream prematurely closed connection while reading response header from upstream, client: ::1, server: araveala.42.fr, request: "GET / HTTP/1.1", upstream: "fastcgi://172.18.0.3:9000", host: "localhost"
2025/03/18 15:04:47 [error] 9#9: *65 recv() failed (104: Connection reset by peer) while reading response header from upstream, client: ::1, server: araveala.42.fr, request: "GET / HTTP/1.1", upstream: "fastcgi://172.18.0.3:9000", host: "localhost"
2025/03/18 15:05:18 [error] 9#9: *67 upstream prematurely closed connection while reading response header from upstream, client: ::1, server: araveala.42.fr, request: "GET / HTTP/1.1", upstream: "fastcgi://172.18.0.3:9000", host: "localhost"
2025/03/18 15:05:37 [error] 8#8: *69 upstream prematurely closed connection while reading response header from upstream, client: ::1, server: araveala.42.fr, request: "HEAD / HTTP/1.1", upstream: "fastcgi://172.18.0.3:9000", host: "localhost"
2025/03/18 15:05:48 [error] 8#8: *71 upstream prematurely closed connection while reading response header from upstream, client: ::1, server: araveala.42.fr, request: "GET / HTTP/1.1", upstream: "fastcgi://172.18.0.3:9000", host: "localhost"
2025/03/18 15:06:18 [error] 8#8: *73 upstream prematurely closed connection while reading response header from upstream, client: ::1, server: araveala.42.fr, request: "GET / HTTP/1.1", upstream: "fastcgi://172.18.0.3:9000", host: "localhost"
2025/03/18 15:06:48 [error] 8#8: *75 upstream prematurely closed connection while reading response header from upstream, client: ::1, server: araveala.42.fr, request: "GET / HTTP/1.1", upstream: "fastcgi://172.18.0.3:9000", host: "localhost"
2025/03/18 15:07:18 [error] 8#8: *77 upstream prematurely closed connection while reading response header from upstream, client: ::1, server: araveala.42.fr, request: "GET / HTTP/1.1", upstream: "fastcgi://172.18.0.3:9000", host: "localhost"
2025/03/18 15:07:48 [error] 8#8: *79 upstream prematurely closed connection while reading response header from upstream, client: ::1, server: araveala.42.fr, request: "GET / HTTP/1.1", upstream: "fastcgi://172.18.0.3:9000", host: "localhost"
2025/03/18 15:08:18 [error] 8#8: *81 upstream prematurely closed connection while reading response header from upstream, client: ::1, server: araveala.42.fr, request: "GET / HTTP/1.1", upstream: "fastcgi://172.18.0.3:9000", host: "localhost"
2025/03/18 15:08:48 [error] 8#8: *83 recv() failed (104: Connection reset by peer) while reading response header from upstream, client: ::1, server: araveala.42.fr, request: "GET / HTTP/1.1", upstream: "fastcgi://172.18.0.3:9000", host: "localhost"
2025/03/18 15:09:18 [error] 8#8: *85 recv() failed (104: Connection reset by peer) while reading response header from upstream, client: ::1, server: araveala.42.fr, request: "GET / HTTP/1.1", upstream: "fastcgi://172.18.0.3:9000", host: "localhost"
2025/03/18 15:09:48 [error] 8#8: *87 recv() failed (104: Connection reset by peer) while reading response header from upstream, client: ::1, server: araveala.42.fr, request: "GET / HTTP/1.1", upstream: "fastcgi://172.18.0.3:9000", host: "localhost"
2025/03/18 15:10:18 [error] 8#8: *89 upstream prematurely closed connection while reading response header from upstream, client: ::1, server: araveala.42.fr, request: "GET / HTTP/1.1", upstream: "fastcgi://172.18.0.3:9000", host: "localhost"
2025/03/18 15:10:48 [error] 8#8: *91 upstream prematurely closed connection while reading response header from upstream, client: ::1, server: araveala.42.fr, request: "GET / HTTP/1.1", upstream: "fastcgi://172.18.0.3:9000", host: "localhost"
2025/03/18 15:11:18 [error] 8#8: *93 upstream prematurely closed connection while reading response header from upstream, client: ::1, server: araveala.42.fr, request: "GET / HTTP/1.1", upstream: "fastcgi://172.18.0.3:9000", host: "localhost"
2025/03/18 15:11:48 [error] 8#8: *95 upstream prematurely closed connection while reading response header from upstream, client: ::1, server: araveala.42.fr, request: "GET / HTTP/1.1", upstream: "fastcgi://172.18.0.3:9000", host: "localhost"
2025/03/18 15:12:18 [error] 8#8: *97 upstream prematurely closed connection while reading response header from upstream, client: ::1, server: araveala.42.fr, request: "GET / HTTP/1.1", upstream: "fastcgi://172.18.0.3:9000", host: "localhost"
2025/03/18 15:12:48 [error] 8#8: *99 upstream prematurely closed connection while reading response header from upstream, client: ::1, server: araveala.42.fr, request: "GET / HTTP/1.1", upstream: "fastcgi://172.18.0.3:9000", host: "localhost"
2025/03/18 15:13:18 [error] 9#9: *101 recv() failed (104: Connection reset by peer) while reading response header from upstream, client: ::1, server: araveala.42.fr, request: "GET / HTTP/1.1", upstream: "fastcgi://172.18.0.3:9000", host: "localhost"
2025/03/18 15:13:34 [error] 9#9: *103 recv() failed (104: Connection reset by peer) while reading response header from upstream, client: ::1, server: araveala.42.fr, request: "HEAD / HTTP/1.1", upstream: "fastcgi://172.18.0.3:9000", host: "localhost"
2025/03/18 15:13:49 [error] 9#9: *105 recv() failed (104: Connection reset by peer) while reading response header from upstream, client: ::1, server: araveala.42.fr, request: "GET / HTTP/1.1", upstream: "fastcgi://172.18.0.3:9000", host: "localhost"
2025/03/18 15:14:19 [error] 9#9: *107 recv() failed (104: Connection reset by peer) while reading response header from upstream, client: ::1, server: araveala.42.fr, request: "GET / HTTP/1.1", upstream: "fastcgi://172.18.0.3:9000", host: "localhost"
2025/03/18 15:14:49 [error] 9#9: *109 recv() failed (104: Connection reset by peer) while reading response header from upstream, client: ::1, server: araveala.42.fr, request: "GET / HTTP/1.1", upstream: "fastcgi://172.18.0.3:9000", host: "localhost"
2025/03/18 15:15:00 [notice] 1#1: signal 15 (SIGTERM) received, exiting
2025/03/18 15:15:00 [notice] 8#8: exiting
2025/03/18 15:15:00 [notice] 8#8: exit
2025/03/18 15:15:00 [notice] 9#9: exiting
2025/03/18 15:15:00 [notice] 9#9: exit
2025/03/18 15:15:00 [notice] 1#1: signal 17 (SIGCHLD) received from 8
2025/03/18 15:15:00 [notice] 1#1: worker process 8 exited with code 0
2025/03/18 15:15:00 [notice] 1#1: signal 29 (SIGIO) received
2025/03/18 15:15:00 [notice] 1#1: signal 17 (SIGCHLD) received from 9
2025/03/18 15:15:00 [notice] 1#1: worker process 9 exited with code 0
2025/03/18 15:15:00 [notice] 1#1: exit
2025/03/18 15:15:17 [emerg] 1#1: invalid number of arguments in "fastcgi_param" directive in /etc/nginx/nginx.conf:87
2025/03/18 15:15:18 [emerg] 1#1: invalid number of arguments in "fastcgi_param" directive in /etc/nginx/nginx.conf:87
2025/03/18 15:15:18 [emerg] 1#1: invalid number of arguments in "fastcgi_param" directive in /etc/nginx/nginx.conf:87
2025/03/18 15:15:19 [emerg] 1#1: invalid number of arguments in "fastcgi_param" directive in /etc/nginx/nginx.conf:87
2025/03/18 15:15:20 [emerg] 1#1: invalid number of arguments in "fastcgi_param" directive in /etc/nginx/nginx.conf:87
2025/03/18 15:15:22 [emerg] 1#1: invalid number of arguments in "fastcgi_param" directive in /etc/nginx/nginx.conf:87
2025/03/18 15:15:25 [emerg] 1#1: invalid number of arguments in "fastcgi_param" directive in /etc/nginx/nginx.conf:87
2025/03/18 15:15:31 [emerg] 1#1: invalid number of arguments in "fastcgi_param" directive in /etc/nginx/nginx.conf:87
2025/03/18 15:15:44 [emerg] 1#1: invalid number of arguments in "fastcgi_param" directive in /etc/nginx/nginx.conf:87
2025/03/18 15:16:23 [notice] 1#1: using the "epoll" event method
2025/03/18 15:16:23 [notice] 1#1: nginx/1.26.3
2025/03/18 15:16:23 [notice] 1#1: OS: Linux 6.1.0-31-amd64
2025/03/18 15:16:23 [notice] 1#1: getrlimit(RLIMIT_NOFILE): 1048576:1048576
2025/03/18 15:16:23 [notice] 1#1: start worker processes
2025/03/18 15:16:23 [notice] 1#1: start worker process 8
2025/03/18 15:16:23 [notice] 1#1: start worker process 9
2025/03/18 15:16:53 [error] 8#8: *1 recv() failed (104: Connection reset by peer) while reading response header from upstream, client: ::1, server: araveala.42.fr, request: "GET / HTTP/1.1", upstream: "fastcgi://172.18.0.3:9000", host: "localhost"
2025/03/18 15:17:23 [error] 9#9: *3 upstream prematurely closed connection while reading response header from upstream, client: ::1, server: araveala.42.fr, request: "GET / HTTP/1.1", upstream: "fastcgi://172.18.0.3:9000", host: "localhost"
2025/03/18 15:17:53 [error] 8#8: *5 recv() failed (104: Connection reset by peer) while reading response header from upstream, client: ::1, server: araveala.42.fr, request: "GET / HTTP/1.1", upstream: "fastcgi://172.18.0.3:9000", host: "localhost"
2025/03/18 15:18:24 [error] 8#8: *7 recv() failed (104: Connection reset by peer) while reading response header from upstream, client: ::1, server: araveala.42.fr, request: "GET / HTTP/1.1", upstream: "fastcgi://172.18.0.3:9000", host: "localhost"
2025/03/18 15:18:54 [error] 8#8: *9 recv() failed (104: Connection reset by peer) while reading response header from upstream, client: ::1, server: araveala.42.fr, request: "GET / HTTP/1.1", upstream: "fastcgi://172.18.0.3:9000", host: "localhost"
2025/03/18 15:19:23 [notice] 1#1: signal 15 (SIGTERM) received, exiting
2025/03/18 15:19:23 [notice] 9#9: exiting
2025/03/18 15:19:23 [notice] 8#8: exiting
2025/03/18 15:19:23 [notice] 8#8: exit
2025/03/18 15:19:23 [notice] 9#9: exit
2025/03/18 15:19:23 [notice] 1#1: signal 17 (SIGCHLD) received from 8
2025/03/18 15:19:23 [notice] 1#1: worker process 8 exited with code 0
2025/03/18 15:19:23 [notice] 1#1: worker process 9 exited with code 0
2025/03/18 15:19:23 [notice] 1#1: exit
2025/03/18 15:19:36 [emerg] 1#1: unknown "script_filename" variable
2025/03/18 15:19:37 [emerg] 1#1: unknown "script_filename" variable
2025/03/18 15:19:37 [emerg] 1#1: unknown "script_filename" variable
2025/03/18 15:19:38 [emerg] 1#1: unknown "script_filename" variable
2025/03/18 15:19:39 [emerg] 1#1: unknown "script_filename" variable
2025/03/18 15:19:40 [emerg] 1#1: unknown "script_filename" variable
2025/03/18 15:19:44 [emerg] 1#1: unknown "script_filename" variable
2025/03/18 15:19:50 [emerg] 1#1: unknown "script_filename" variable
2025/03/18 15:20:03 [emerg] 1#1: unknown "script_filename" variable
2025/03/18 15:20:29 [emerg] 1#1: unknown "script_filename" variable
2025/03/18 15:21:20 [emerg] 1#1: unknown "script_filename" variable
2025/03/18 15:22:21 [emerg] 1#1: unknown "script_filename" variable
2025/03/18 15:22:38 [emerg] 1#1: unexpected "$" in /etc/nginx/nginx.conf:76
2025/03/18 15:22:38 [emerg] 1#1: unexpected "$" in /etc/nginx/nginx.conf:76
2025/03/18 15:22:39 [emerg] 1#1: unexpected "$" in /etc/nginx/nginx.conf:76
2025/03/18 15:22:39 [emerg] 1#1: unexpected "$" in /etc/nginx/nginx.conf:76
2025/03/18 15:22:40 [emerg] 1#1: unexpected "$" in /etc/nginx/nginx.conf:76
2025/03/18 15:22:42 [emerg] 1#1: unexpected "$" in /etc/nginx/nginx.conf:76
2025/03/18 15:22:46 [emerg] 1#1: unexpected "$" in /etc/nginx/nginx.conf:76
2025/03/18 15:22:52 [emerg] 1#1: unexpected "$" in /etc/nginx/nginx.conf:76
2025/03/18 15:23:05 [emerg] 1#1: unexpected "$" in /etc/nginx/nginx.conf:76
2025/03/18 15:23:34 [emerg] 1#1: unexpected end of file, expecting ";" or "}" in /etc/nginx/nginx.conf:87
2025/03/18 15:23:34 [emerg] 1#1: unexpected end of file, expecting ";" or "}" in /etc/nginx/nginx.conf:87
2025/03/18 15:23:34 [emerg] 1#1: unexpected end of file, expecting ";" or "}" in /etc/nginx/nginx.conf:87
2025/03/18 15:23:35 [emerg] 1#1: unexpected end of file, expecting ";" or "}" in /etc/nginx/nginx.conf:87
2025/03/18 15:23:36 [emerg] 1#1: unexpected end of file, expecting ";" or "}" in /etc/nginx/nginx.conf:87
2025/03/18 15:23:38 [emerg] 1#1: unexpected end of file, expecting ";" or "}" in /etc/nginx/nginx.conf:87
2025/03/18 15:23:41 [emerg] 1#1: unexpected end of file, expecting ";" or "}" in /etc/nginx/nginx.conf:87
2025/03/18 15:23:48 [emerg] 1#1: unexpected end of file, expecting ";" or "}" in /etc/nginx/nginx.conf:87
2025/03/18 15:24:01 [emerg] 1#1: unexpected end of file, expecting ";" or "}" in /etc/nginx/nginx.conf:87
2025/03/18 15:24:26 [emerg] 1#1: unexpected end of file, expecting ";" or "}" in /etc/nginx/nginx.conf:87
2025/03/18 15:25:18 [emerg] 1#1: unexpected end of file, expecting ";" or "}" in /etc/nginx/nginx.conf:87
2025/03/18 15:26:18 [emerg] 1#1: unexpected end of file, expecting ";" or "}" in /etc/nginx/nginx.conf:87
2025/03/18 15:26:53 [notice] 1#1: using the "epoll" event method
2025/03/18 15:26:53 [notice] 1#1: nginx/1.26.3
2025/03/18 15:26:53 [notice] 1#1: OS: Linux 6.1.0-31-amd64
2025/03/18 15:26:53 [notice] 1#1: getrlimit(RLIMIT_NOFILE): 1048576:1048576
2025/03/18 15:26:53 [notice] 1#1: start worker processes
2025/03/18 15:26:53 [notice] 1#1: start worker process 8
2025/03/18 15:26:53 [notice] 1#1: start worker process 9
2025/03/18 15:27:23 [error] 8#8: *1 upstream prematurely closed connection while reading response header from upstream, client: ::1, server: araveala.42.fr, request: "GET / HTTP/1.1", upstream: "fastcgi://172.18.0.3:9000", host: "localhost"
2025/03/18 15:27:53 [error] 9#9: *3 recv() failed (104: Connection reset by peer) while reading response header from upstream, client: ::1, server: araveala.42.fr, request: "GET / HTTP/1.1", upstream: "fastcgi://172.18.0.3:9000", host: "localhost"
2025/03/18 15:28:23 [error] 8#8: *5 upstream prematurely closed connection while reading response header from upstream, client: ::1, server: araveala.42.fr, request: "GET / HTTP/1.1", upstream: "fastcgi://172.18.0.3:9000", host: "localhost"
2025/03/18 15:28:53 [error] 8#8: *7 upstream prematurely closed connection while reading response header from upstream, client: ::1, server: araveala.42.fr, request: "GET / HTTP/1.1", upstream: "fastcgi://172.18.0.3:9000", host: "localhost"
2025/03/18 15:29:23 [error] 8#8: *9 upstream prematurely closed connection while reading response header from upstream, client: ::1, server: araveala.42.fr, request: "GET / HTTP/1.1", upstream: "fastcgi://172.18.0.3:9000", host: "localhost"
2025/03/18 15:29:28 [notice] 1#1: signal 15 (SIGTERM) received, exiting
2025/03/18 15:29:28 [notice] 9#9: exiting
2025/03/18 15:29:28 [notice] 8#8: exiting
2025/03/18 15:29:28 [notice] 9#9: exit
2025/03/18 15:29:28 [notice] 8#8: exit
2025/03/18 15:29:28 [notice] 1#1: signal 17 (SIGCHLD) received from 9
2025/03/18 15:29:28 [notice] 1#1: worker process 8 exited with code 0
2025/03/18 15:29:28 [notice] 1#1: worker process 9 exited with code 0
2025/03/18 15:29:28 [notice] 1#1: exit
2025/03/18 15:29:28 [emerg] 1#1: invalid number of arguments in "fastcgi_param" directive in /etc/nginx/nginx.conf:80
2025/03/18 15:29:28 [emerg] 1#1: invalid number of arguments in "fastcgi_param" directive in /etc/nginx/nginx.conf:80
2025/03/18 15:29:29 [emerg] 1#1: invalid number of arguments in "fastcgi_param" directive in /etc/nginx/nginx.conf:80
2025/03/18 15:29:29 [emerg] 1#1: invalid number of arguments in "fastcgi_param" directive in /etc/nginx/nginx.conf:80
2025/03/18 15:29:30 [emerg] 1#1: invalid number of arguments in "fastcgi_param" directive in /etc/nginx/nginx.conf:80
2025/03/18 15:29:32 [emerg] 1#1: invalid number of arguments in "fastcgi_param" directive in /etc/nginx/nginx.conf:80
2025/03/18 15:29:35 [emerg] 1#1: invalid number of arguments in "fastcgi_param" directive in /etc/nginx/nginx.conf:80
2025/03/18 15:29:42 [emerg] 1#1: invalid number of arguments in "fastcgi_param" directive in /etc/nginx/nginx.conf:80
2025/03/18 15:29:55 [emerg] 1#1: invalid number of arguments in "fastcgi_param" directive in /etc/nginx/nginx.conf:80
2025/03/18 15:30:21 [emerg] 1#1: invalid number of arguments in "fastcgi_param" directive in /etc/nginx/nginx.conf:80
2025/03/18 15:33:34 [notice] 1#1: using the "epoll" event method
2025/03/18 15:33:34 [notice] 1#1: nginx/1.26.3
2025/03/18 15:33:34 [notice] 1#1: OS: Linux 6.1.0-31-amd64
2025/03/18 15:33:34 [notice] 1#1: getrlimit(RLIMIT_NOFILE): 1048576:1048576
2025/03/18 15:33:34 [notice] 1#1: start worker processes
2025/03/18 15:33:34 [notice] 1#1: start worker process 7
2025/03/18 15:33:34 [notice] 1#1: start worker process 8
2025/03/18 15:34:04 [error] 8#8: *1 recv() failed (104: Connection reset by peer) while reading response header from upstream, client: ::1, server: araveala.42.fr, request: "GET / HTTP/1.1", upstream: "fastcgi://172.18.0.3:9000", host: "localhost"
2025/03/18 15:34:34 [error] 7#7: *3 upstream prematurely closed connection while reading response header from upstream, client: ::1, server: araveala.42.fr, request: "GET / HTTP/1.1", upstream: "fastcgi://172.18.0.3:9000", host: "localhost"
2025/03/18 15:35:04 [error] 8#8: *5 upstream prematurely closed connection while reading response header from upstream, client: ::1, server: araveala.42.fr, request: "GET / HTTP/1.1", upstream: "fastcgi://172.18.0.3:9000", host: "localhost"
2025/03/18 15:35:34 [error] 8#8: *7 recv() failed (104: Connection reset by peer) while reading response header from upstream, client: ::1, server: araveala.42.fr, request: "GET / HTTP/1.1", upstream: "fastcgi://172.18.0.3:9000", host: "localhost"
2025/03/18 15:36:04 [error] 8#8: *9 recv() failed (104: Connection reset by peer) while reading response header from upstream, client: ::1, server: araveala.42.fr, request: "GET / HTTP/1.1", upstream: "fastcgi://172.18.0.3:9000", host: "localhost"
2025/03/18 15:36:34 [error] 8#8: *11 recv() failed (104: Connection reset by peer) while reading response header from upstream, client: ::1, server: araveala.42.fr, request: "GET / HTTP/1.1", upstream: "fastcgi://172.18.0.3:9000", host: "localhost"
2025/03/18 15:37:05 [error] 8#8: *13 recv() failed (104: Connection reset by peer) while reading response header from upstream, client: ::1, server: araveala.42.fr, request: "GET / HTTP/1.1", upstream: "fastcgi://172.18.0.3:9000", host: "localhost"
2025/03/18 15:37:35 [error] 8#8: *15 upstream prematurely closed connection while reading response header from upstream, client: ::1, server: araveala.42.fr, request: "GET / HTTP/1.1", upstream: "fastcgi://172.18.0.3:9000", host: "localhost"
2025/03/18 15:38:05 [error] 8#8: *17 upstream prematurely closed connection while reading response header from upstream, client: ::1, server: araveala.42.fr, request: "GET / HTTP/1.1", upstream: "fastcgi://172.18.0.3:9000", host: "localhost"
2025/03/18 15:38:35 [error] 8#8: *19 upstream prematurely closed connection while reading response header from upstream, client: ::1, server: araveala.42.fr, request: "GET / HTTP/1.1", upstream: "fastcgi://172.18.0.3:9000", host: "localhost"
2025/03/18 15:39:05 [error] 8#8: *21 upstream prematurely closed connection while reading response header from upstream, client: ::1, server: araveala.42.fr, request: "GET / HTTP/1.1", upstream: "fastcgi://172.18.0.3:9000", host: "localhost"
2025/03/18 15:39:35 [error] 8#8: *23 upstream prematurely closed connection while reading response header from upstream, client: ::1, server: araveala.42.fr, request: "GET / HTTP/1.1", upstream: "fastcgi://172.18.0.3:9000", host: "localhost"
2025/03/18 15:40:05 [error] 8#8: *25 upstream prematurely closed connection while reading response header from upstream, client: ::1, server: araveala.42.fr, request: "GET / HTTP/1.1", upstream: "fastcgi://172.18.0.3:9000", host: "localhost"
2025/03/18 15:40:35 [error] 8#8: *27 upstream prematurely closed connection while reading response header from upstream, client: ::1, server: araveala.42.fr, request: "GET / HTTP/1.1", upstream: "fastcgi://172.18.0.3:9000", host: "localhost"
2025/03/18 15:41:05 [error] 8#8: *29 upstream prematurely closed connection while reading response header from upstream, client: ::1, server: araveala.42.fr, request: "GET / HTTP/1.1", upstream: "fastcgi://172.18.0.3:9000", host: "localhost"
2025/03/18 15:41:35 [error] 8#8: *31 upstream prematurely closed connection while reading response header from upstream, client: ::1, server: araveala.42.fr, request: "GET / HTTP/1.1", upstream: "fastcgi://172.18.0.3:9000", host: "localhost"
2025/03/18 15:42:05 [error] 8#8: *33 upstream prematurely closed connection while reading response header from upstream, client: ::1, server: araveala.42.fr, request: "GET / HTTP/1.1", upstream: "fastcgi://172.18.0.3:9000", host: "localhost"
2025/03/18 15:42:35 [error] 8#8: *35 upstream prematurely closed connection while reading response header from upstream, client: ::1, server: araveala.42.fr, request: "GET / HTTP/1.1", upstream: "fastcgi://172.18.0.3:9000", host: "localhost"
2025/03/18 15:42:45 [notice] 153#153: signal process started
2025/03/18 15:42:45 [notice] 1#1: signal 1 (SIGHUP) received from 153, reconfiguring
2025/03/18 15:42:45 [notice] 1#1: reconfiguring
2025/03/18 15:42:45 [notice] 1#1: using the "epoll" event method
2025/03/18 15:42:45 [notice] 1#1: start worker processes
2025/03/18 15:42:45 [notice] 1#1: start worker process 159
2025/03/18 15:42:45 [notice] 1#1: start worker process 160
2025/03/18 15:42:45 [notice] 7#7: gracefully shutting down
2025/03/18 15:42:45 [notice] 7#7: exiting
2025/03/18 15:42:45 [notice] 8#8: gracefully shutting down
2025/03/18 15:42:45 [notice] 8#8: exiting
2025/03/18 15:42:45 [notice] 7#7: exit
2025/03/18 15:42:45 [notice] 8#8: exit
2025/03/18 15:42:45 [notice] 1#1: signal 17 (SIGCHLD) received from 8
2025/03/18 15:42:45 [notice] 1#1: worker process 8 exited with code 0
2025/03/18 15:42:45 [notice] 1#1: signal 29 (SIGIO) received
2025/03/18 15:42:45 [notice] 1#1: signal 17 (SIGCHLD) received from 7
2025/03/18 15:42:45 [notice] 1#1: worker process 7 exited with code 0
2025/03/18 15:42:45 [notice] 1#1: signal 29 (SIGIO) received
2025/03/18 15:43:05 [error] 160#160: *38 upstream prematurely closed connection while reading response header from upstream, client: ::1, server: araveala.42.fr, request: "GET / HTTP/1.1", upstream: "fastcgi://172.18.0.3:9000", host: "localhost"
2025/03/18 15:43:17 [error] 159#159: *40 upstream prematurely closed connection while reading response header from upstream, client: 172.18.0.1, server: araveala.42.fr, request: "HEAD / HTTP/1.1", upstream: "fastcgi://172.18.0.3:9000", host: "araveala.42.fr"
2025/03/18 15:43:35 [error] 159#159: *42 upstream prematurely closed connection while reading response header from upstream, client: ::1, server: araveala.42.fr, request: "GET / HTTP/1.1", upstream: "fastcgi://172.18.0.3:9000", host: "localhost"
2025/03/18 15:44:05 [error] 160#160: *44 upstream prematurely closed connection while reading response header from upstream, client: ::1, server: araveala.42.fr, request: "GET / HTTP/1.1", upstream: "fastcgi://172.18.0.3:9000", host: "localhost"
2025/03/18 15:44:35 [error] 160#160: *46 upstream prematurely closed connection while reading response header from upstream, client: ::1, server: araveala.42.fr, request: "GET / HTTP/1.1", upstream: "fastcgi://172.18.0.3:9000", host: "localhost"
2025/03/18 15:45:05 [error] 160#160: *48 upstream prematurely closed connection while reading response header from upstream, client: ::1, server: araveala.42.fr, request: "GET / HTTP/1.1", upstream: "fastcgi://172.18.0.3:9000", host: "localhost"
2025/03/18 15:45:36 [error] 160#160: *50 upstream prematurely closed connection while reading response header from upstream, client: ::1, server: araveala.42.fr, request: "GET / HTTP/1.1", upstream: "fastcgi://172.18.0.3:9000", host: "localhost"
2025/03/18 15:46:06 [error] 160#160: *52 upstream prematurely closed connection while reading response header from upstream, client: ::1, server: araveala.42.fr, request: "GET / HTTP/1.1", upstream: "fastcgi://172.18.0.3:9000", host: "localhost"
2025/03/18 15:46:36 [error] 160#160: *54 recv() failed (104: Connection reset by peer) while reading response header from upstream, client: ::1, server: araveala.42.fr, request: "GET / HTTP/1.1", upstream: "fastcgi://172.18.0.3:9000", host: "localhost"
2025/03/18 15:47:06 [error] 160#160: *56 recv() failed (104: Connection reset by peer) while reading response header from upstream, client: ::1, server: araveala.42.fr, request: "GET / HTTP/1.1", upstream: "fastcgi://172.18.0.3:9000", host: "localhost"
2025/03/18 15:47:36 [error] 160#160: *58 recv() failed (104: Connection reset by peer) while reading response header from upstream, client: ::1, server: araveala.42.fr, request: "GET / HTTP/1.1", upstream: "fastcgi://172.18.0.3:9000", host: "localhost"
2025/03/18 15:48:06 [error] 160#160: *60 upstream prematurely closed connection while reading response header from upstream, client: ::1, server: araveala.42.fr, request: "GET / HTTP/1.1", upstream: "fastcgi://172.18.0.3:9000", host: "localhost"
2025/03/18 15:48:36 [error] 160#160: *62 upstream prematurely closed connection while reading response header from upstream, client: ::1, server: araveala.42.fr, request: "GET / HTTP/1.1", upstream: "fastcgi://172.18.0.3:9000", host: "localhost"
2025/03/18 15:49:06 [error] 160#160: *64 upstream prematurely closed connection while reading response header from upstream, client: ::1, server: araveala.42.fr, request: "GET / HTTP/1.1", upstream: "fastcgi://172.18.0.3:9000", host: "localhost"
2025/03/18 15:49:36 [error] 160#160: *66 upstream prematurely closed connection while reading response header from upstream, client: ::1, server: araveala.42.fr, request: "GET / HTTP/1.1", upstream: "fastcgi://172.18.0.3:9000", host: "localhost"
2025/03/18 15:50:06 [error] 160#160: *68 upstream prematurely closed connection while reading response header from upstream, client: ::1, server: araveala.42.fr, request: "GET / HTTP/1.1", upstream: "fastcgi://172.18.0.3:9000", host: "localhost"
2025/03/18 15:50:36 [error] 160#160: *70 recv() failed (104: Connection reset by peer) while reading response header from upstream, client: ::1, server: araveala.42.fr, request: "GET / HTTP/1.1", upstream: "fastcgi://172.18.0.3:9000", host: "localhost"
2025/03/18 15:51:06 [error] 160#160: *72 upstream prematurely closed connection while reading response header from upstream, client: ::1, server: araveala.42.fr, request: "GET / HTTP/1.1", upstream: "fastcgi://172.18.0.3:9000", host: "localhost"
2025/03/18 15:51:36 [error] 160#160: *74 upstream prematurely closed connection while reading response header from upstream, client: ::1, server: araveala.42.fr, request: "GET / HTTP/1.1", upstream: "fastcgi://172.18.0.3:9000", host: "localhost"
2025/03/18 15:52:06 [error] 159#159: *76 upstream prematurely closed connection while reading response header from upstream, client: ::1, server: araveala.42.fr, request: "GET / HTTP/1.1", upstream: "fastcgi://172.18.0.3:9000", host: "localhost"
2025/03/18 15:52:36 [error] 159#159: *78 upstream prematurely closed connection while reading response header from upstream, client: ::1, server: araveala.42.fr, request: "GET / HTTP/1.1", upstream: "fastcgi://172.18.0.3:9000", host: "localhost"
2025/03/18 15:53:06 [error] 159#159: *80 upstream prematurely closed connection while reading response header from upstream, client: ::1, server: araveala.42.fr, request: "GET / HTTP/1.1", upstream: "fastcgi://172.18.0.3:9000", host: "localhost"
2025/03/18 15:53:37 [error] 159#159: *82 upstream prematurely closed connection while reading response header from upstream, client: ::1, server: araveala.42.fr, request: "GET / HTTP/1.1", upstream: "fastcgi://172.18.0.3:9000", host: "localhost"
2025/03/18 15:54:07 [error] 159#159: *84 upstream prematurely closed connection while reading response header from upstream, client: ::1, server: araveala.42.fr, request: "GET / HTTP/1.1", upstream: "fastcgi://172.18.0.3:9000", host: "localhost"
2025/03/18 15:54:37 [error] 159#159: *86 upstream prematurely closed connection while reading response header from upstream, client: ::1, server: araveala.42.fr, request: "GET / HTTP/1.1", upstream: "fastcgi://172.18.0.3:9000", host: "localhost"
2025/03/18 15:55:07 [error] 159#159: *88 upstream prematurely closed connection while reading response header from upstream, client: ::1, server: araveala.42.fr, request: "GET / HTTP/1.1", upstream: "fastcgi://172.18.0.3:9000", host: "localhost"
2025/03/18 15:55:37 [error] 159#159: *90 upstream prematurely closed connection while reading response header from upstream, client: ::1, server: araveala.42.fr, request: "GET / HTTP/1.1", upstream: "fastcgi://172.18.0.3:9000", host: "localhost"
2025/03/18 15:56:07 [error] 159#159: *92 upstream prematurely closed connection while reading response header from upstream, client: ::1, server: araveala.42.fr, request: "GET / HTTP/1.1", upstream: "fastcgi://172.18.0.3:9000", host: "localhost"
2025/03/18 15:56:37 [error] 159#159: *94 upstream prematurely closed connection while reading response header from upstream, client: ::1, server: araveala.42.fr, request: "GET / HTTP/1.1", upstream: "fastcgi://172.18.0.3:9000", host: "localhost"
2025/03/18 15:57:07 [error] 159#159: *96 upstream prematurely closed connection while reading response header from upstream, client: ::1, server: araveala.42.fr, request: "GET / HTTP/1.1", upstream: "fastcgi://172.18.0.3:9000", host: "localhost"
2025/03/18 15:57:28 [error] 160#160: *98 recv() failed (104: Connection reset by peer) while reading response header from upstream, client: 172.18.0.1, server: araveala.42.fr, request: "GET / HTTP/1.1", upstream: "fastcgi://172.18.0.3:9000", host: "araveala.42.fr"
2025/03/18 15:57:37 [error] 159#159: *100 recv() failed (104: Connection reset by peer) while reading response header from upstream, client: ::1, server: araveala.42.fr, request: "GET / HTTP/1.1", upstream: "fastcgi://172.18.0.3:9000", host: "localhost"
2025/03/18 15:58:07 [error] 159#159: *102 recv() failed (104: Connection reset by peer) while reading response header from upstream, client: ::1, server: araveala.42.fr, request: "GET / HTTP/1.1", upstream: "fastcgi://172.18.0.3:9000", host: "localhost"
2025/03/18 15:58:37 [error] 159#159: *104 recv() failed (104: Connection reset by peer) while reading response header from upstream, client: ::1, server: araveala.42.fr, request: "GET / HTTP/1.1", upstream: "fastcgi://172.18.0.3:9000", host: "localhost"
2025/03/18 15:59:01 [notice] 1#1: signal 15 (SIGTERM) received, exiting
2025/03/18 15:59:01 [notice] 159#159: exiting
2025/03/18 15:59:01 [notice] 159#159: exit
2025/03/18 15:59:01 [notice] 160#160: exiting
2025/03/18 15:59:01 [notice] 160#160: exit
2025/03/18 15:59:01 [notice] 1#1: signal 17 (SIGCHLD) received from 160
2025/03/18 15:59:01 [notice] 1#1: worker process 159 exited with code 0
2025/03/18 15:59:01 [notice] 1#1: worker process 160 exited with code 0
2025/03/18 15:59:01 [notice] 1#1: exit
2025/03/18 15:59:14 [notice] 1#1: using the "epoll" event method
2025/03/18 15:59:14 [notice] 1#1: nginx/1.26.3
2025/03/18 15:59:14 [notice] 1#1: OS: Linux 6.1.0-31-amd64
2025/03/18 15:59:14 [notice] 1#1: getrlimit(RLIMIT_NOFILE): 1048576:1048576
2025/03/18 15:59:14 [notice] 1#1: start worker processes
2025/03/18 15:59:14 [notice] 1#1: start worker process 7
2025/03/18 15:59:14 [notice] 1#1: start worker process 8
2025/03/18 15:59:44 [error] 7#7: *1 upstream prematurely closed connection while reading response header from upstream, client: ::1, server: araveala.42.fr, request: "GET / HTTP/1.1", upstream: "fastcgi://172.18.0.3:9000", host: "localhost"
2025/03/18 16:00:14 [error] 8#8: *3 upstream prematurely closed connection while reading response header from upstream, client: ::1, server: araveala.42.fr, request: "GET / HTTP/1.1", upstream: "fastcgi://172.18.0.3:9000", host: "localhost"
2025/03/18 16:00:44 [error] 7#7: *5 upstream prematurely closed connection while reading response header from upstream, client: ::1, server: araveala.42.fr, request: "GET / HTTP/1.1", upstream: "fastcgi://172.18.0.3:9000", host: "localhost"
2025/03/18 16:01:14 [error] 7#7: *7 upstream prematurely closed connection while reading response header from upstream, client: ::1, server: araveala.42.fr, request: "GET / HTTP/1.1", upstream: "fastcgi://172.18.0.3:9000", host: "localhost"
2025/03/18 16:01:44 [error] 7#7: *9 upstream prematurely closed connection while reading response header from upstream, client: ::1, server: araveala.42.fr, request: "GET / HTTP/1.1", upstream: "fastcgi://172.18.0.3:9000", host: "localhost"
2025/03/18 16:02:15 [error] 7#7: *11 upstream prematurely closed connection while reading response header from upstream, client: ::1, server: araveala.42.fr, request: "GET / HTTP/1.1", upstream: "fastcgi://172.18.0.3:9000", host: "localhost"
2025/03/18 16:02:45 [error] 7#7: *13 upstream prematurely closed connection while reading response header from upstream, client: ::1, server: araveala.42.fr, request: "GET / HTTP/1.1", upstream: "fastcgi://172.18.0.3:9000", host: "localhost"
2025/03/18 16:03:15 [error] 7#7: *15 upstream prematurely closed connection while reading response header from upstream, client: ::1, server: araveala.42.fr, request: "GET / HTTP/1.1", upstream: "fastcgi://172.18.0.3:9000", host: "localhost"
2025/03/18 16:03:45 [error] 7#7: *17 upstream prematurely closed connection while reading response header from upstream, client: ::1, server: araveala.42.fr, request: "GET / HTTP/1.1", upstream: "fastcgi://172.18.0.3:9000", host: "localhost"
2025/03/18 16:04:15 [error] 7#7: *19 upstream prematurely closed connection while reading response header from upstream, client: ::1, server: araveala.42.fr, request: "GET / HTTP/1.1", upstream: "fastcgi://172.18.0.3:9000", host: "localhost"
2025/03/18 16:04:45 [error] 7#7: *21 upstream prematurely closed connection while reading response header from upstream, client: ::1, server: araveala.42.fr, request: "GET / HTTP/1.1", upstream: "fastcgi://172.18.0.3:9000", host: "localhost"
2025/03/18 16:05:15 [error] 7#7: *23 upstream prematurely closed connection while reading response header from upstream, client: ::1, server: araveala.42.fr, request: "GET / HTTP/1.1", upstream: "fastcgi://172.18.0.3:9000", host: "localhost"
2025/03/18 16:05:45 [error] 7#7: *25 upstream prematurely closed connection while reading response header from upstream, client: ::1, server: araveala.42.fr, request: "GET / HTTP/1.1", upstream: "fastcgi://172.18.0.3:9000", host: "localhost"
2025/03/18 16:06:15 [error] 7#7: *27 upstream prematurely closed connection while reading response header from upstream, client: ::1, server: araveala.42.fr, request: "GET / HTTP/1.1", upstream: "fastcgi://172.18.0.3:9000", host: "localhost"
2025/03/18 16:06:25 [notice] 1#1: signal 15 (SIGTERM) received, exiting
2025/03/18 16:06:25 [notice] 7#7: exiting
2025/03/18 16:06:25 [notice] 8#8: exiting
2025/03/18 16:06:25 [notice] 8#8: exit
2025/03/18 16:06:25 [notice] 7#7: exit
2025/03/18 16:06:25 [notice] 1#1: signal 17 (SIGCHLD) received from 7
2025/03/18 16:06:25 [notice] 1#1: worker process 7 exited with code 0
2025/03/18 16:06:25 [notice] 1#1: signal 29 (SIGIO) received
2025/03/18 16:06:25 [notice] 1#1: signal 17 (SIGCHLD) received from 8
2025/03/18 16:06:25 [notice] 1#1: worker process 8 exited with code 0
2025/03/18 16:06:25 [notice] 1#1: exit
2025/03/18 16:06:39 [notice] 1#1: using the "epoll" event method
2025/03/18 16:06:39 [notice] 1#1: nginx/1.26.3
2025/03/18 16:06:39 [notice] 1#1: OS: Linux 6.1.0-31-amd64
2025/03/18 16:06:39 [notice] 1#1: getrlimit(RLIMIT_NOFILE): 1048576:1048576
2025/03/18 16:06:39 [notice] 1#1: start worker processes
2025/03/18 16:06:39 [notice] 1#1: start worker process 7
2025/03/18 16:06:39 [notice] 1#1: start worker process 8
2025/03/18 16:07:09 [error] 7#7: *1 recv() failed (104: Connection reset by peer) while reading response header from upstream, client: ::1, server: araveala.42.fr, request: "GET / HTTP/1.1", upstream: "fastcgi://172.18.0.3:9000", host: "localhost"
2025/03/18 16:07:39 [error] 8#8: *3 recv() failed (104: Connection reset by peer) while reading response header from upstream, client: ::1, server: araveala.42.fr, request: "GET / HTTP/1.1", upstream: "fastcgi://172.18.0.3:9000", host: "localhost"
2025/03/18 16:08:09 [error] 7#7: *5 recv() failed (104: Connection reset by peer) while reading response header from upstream, client: ::1, server: araveala.42.fr, request: "GET / HTTP/1.1", upstream: "fastcgi://172.18.0.3:9000", host: "localhost"
2025/03/18 16:08:39 [error] 7#7: *7 recv() failed (104: Connection reset by peer) while reading response header from upstream, client: ::1, server: araveala.42.fr, request: "GET / HTTP/1.1", upstream: "fastcgi://172.18.0.3:9000", host: "localhost"
2025/03/18 16:09:09 [error] 7#7: *9 recv() failed (104: Connection reset by peer) while reading response header from upstream, client: ::1, server: araveala.42.fr, request: "GET / HTTP/1.1", upstream: "fastcgi://172.18.0.3:9000", host: "localhost"
2025/03/18 16:09:14 [error] 8#8: *12 recv() failed (104: Connection reset by peer) while reading response header from upstream, client: 172.18.0.1, server: araveala.42.fr, request: "HEAD / HTTP/1.1", upstream: "fastcgi://172.18.0.3:9000", host: "araveala.42.fr"
2025/03/18 16:09:39 [error] 7#7: *14 upstream prematurely closed connection while reading response header from upstream, client: ::1, server: araveala.42.fr, request: "GET / HTTP/1.1", upstream: "fastcgi://172.18.0.3:9000", host: "localhost"
2025/03/18 16:10:09 [error] 7#7: *16 upstream prematurely closed connection while reading response header from upstream, client: ::1, server: araveala.42.fr, request: "GET / HTTP/1.1", upstream: "fastcgi://172.18.0.3:9000", host: "localhost"
2025/03/18 16:10:39 [error] 7#7: *18 upstream prematurely closed connection while reading response header from upstream, client: ::1, server: araveala.42.fr, request: "GET / HTTP/1.1", upstream: "fastcgi://172.18.0.3:9000", host: "localhost"
2025/03/18 16:11:09 [error] 7#7: *20 upstream prematurely closed connection while reading response header from upstream, client: ::1, server: araveala.42.fr, request: "GET / HTTP/1.1", upstream: "fastcgi://172.18.0.3:9000", host: "localhost"
2025/03/18 16:11:39 [error] 7#7: *22 upstream prematurely closed connection while reading response header from upstream, client: ::1, server: araveala.42.fr, request: "GET / HTTP/1.1", upstream: "fastcgi://172.18.0.3:9000", host: "localhost"
2025/03/18 16:12:09 [error] 7#7: *24 upstream prematurely closed connection while reading response header from upstream, client: ::1, server: araveala.42.fr, request: "GET / HTTP/1.1", upstream: "fastcgi://172.18.0.3:9000", host: "localhost"
2025/03/18 16:12:39 [error] 7#7: *26 upstream prematurely closed connection while reading response header from upstream, client: ::1, server: araveala.42.fr, request: "GET / HTTP/1.1", upstream: "fastcgi://172.18.0.3:9000", host: "localhost"
2025/03/18 16:13:09 [error] 7#7: *28 upstream prematurely closed connection while reading response header from upstream, client: ::1, server: araveala.42.fr, request: "GET / HTTP/1.1", upstream: "fastcgi://172.18.0.3:9000", host: "localhost"
2025/03/18 16:13:39 [error] 7#7: *30 upstream prematurely closed connection while reading response header from upstream, client: ::1, server: araveala.42.fr, request: "GET / HTTP/1.1", upstream: "fastcgi://172.18.0.3:9000", host: "localhost"
2025/03/18 16:14:09 [error] 7#7: *32 upstream prematurely closed connection while reading response header from upstream, client: ::1, server: araveala.42.fr, request: "GET / HTTP/1.1", upstream: "fastcgi://172.18.0.3:9000", host: "localhost"
2025/03/18 16:14:40 [error] 7#7: *34 upstream prematurely closed connection while reading response header from upstream, client: ::1, server: araveala.42.fr, request: "GET / HTTP/1.1", upstream: "fastcgi://172.18.0.3:9000", host: "localhost"
2025/03/18 16:15:10 [error] 7#7: *36 upstream prematurely closed connection while reading response header from upstream, client: ::1, server: araveala.42.fr, request: "GET / HTTP/1.1", upstream: "fastcgi://172.18.0.3:9000", host: "localhost"
2025/03/18 16:15:40 [error] 7#7: *38 recv() failed (104: Connection reset by peer) while reading response header from upstream, client: ::1, server: araveala.42.fr, request: "GET / HTTP/1.1", upstream: "fastcgi://172.18.0.3:9000", host: "localhost"
2025/03/18 16:16:10 [error] 8#8: *40 recv() failed (104: Connection reset by peer) while reading response header from upstream, client: ::1, server: araveala.42.fr, request: "GET / HTTP/1.1", upstream: "fastcgi://172.18.0.3:9000", host: "localhost"
2025/03/18 16:16:40 [error] 8#8: *42 recv() failed (104: Connection reset by peer) while reading response header from upstream, client: ::1, server: araveala.42.fr, request: "GET / HTTP/1.1", upstream: "fastcgi://172.18.0.3:9000", host: "localhost"
2025/03/18 16:17:10 [error] 8#8: *44 recv() failed (104: Connection reset by peer) while reading response header from upstream, client: ::1, server: araveala.42.fr, request: "GET / HTTP/1.1", upstream: "fastcgi://172.18.0.3:9000", host: "localhost"
2025/03/18 16:17:40 [error] 8#8: *46 recv() failed (104: Connection reset by peer) while reading response header from upstream, client: ::1, server: araveala.42.fr, request: "GET / HTTP/1.1", upstream: "fastcgi://172.18.0.3:9000", host: "localhost"
2025/03/18 16:18:10 [error] 8#8: *48 upstream prematurely closed connection while reading response header from upstream, client: ::1, server: araveala.42.fr, request: "GET / HTTP/1.1", upstream: "fastcgi://172.18.0.3:9000", host: "localhost"
2025/03/18 16:18:40 [error] 8#8: *50 upstream prematurely closed connection while reading response header from upstream, client: ::1, server: araveala.42.fr, request: "GET / HTTP/1.1", upstream: "fastcgi://172.18.0.3:9000", host: "localhost"
2025/03/18 16:19:10 [error] 8#8: *52 upstream prematurely closed connection while reading response header from upstream, client: ::1, server: araveala.42.fr, request: "GET / HTTP/1.1", upstream: "fastcgi://172.18.0.3:9000", host: "localhost"
2025/03/18 16:19:40 [error] 8#8: *54 upstream prematurely closed connection while reading response header from upstream, client: ::1, server: araveala.42.fr, request: "GET / HTTP/1.1", upstream: "fastcgi://172.18.0.3:9000", host: "localhost"
2025/03/18 16:20:09 [notice] 1#1: signal 15 (SIGTERM) received, exiting
2025/03/18 16:20:09 [notice] 7#7: exiting
2025/03/18 16:20:09 [notice] 8#8: exiting
2025/03/18 16:20:09 [notice] 7#7: exit
2025/03/18 16:20:09 [notice] 8#8: exit
2025/03/18 16:20:09 [notice] 1#1: signal 17 (SIGCHLD) received from 8
2025/03/18 16:20:09 [notice] 1#1: worker process 8 exited with code 0
2025/03/18 16:20:09 [notice] 1#1: signal 29 (SIGIO) received
2025/03/18 16:20:09 [notice] 1#1: signal 17 (SIGCHLD) received from 7
2025/03/18 16:20:09 [notice] 1#1: worker process 7 exited with code 0
2025/03/18 16:20:09 [notice] 1#1: exit
2025/03/18 16:20:25 [notice] 1#1: using the "epoll" event method
2025/03/18 16:20:25 [notice] 1#1: nginx/1.26.3
2025/03/18 16:20:25 [notice] 1#1: OS: Linux 6.1.0-31-amd64
2025/03/18 16:20:25 [notice] 1#1: getrlimit(RLIMIT_NOFILE): 1048576:1048576
2025/03/18 16:20:25 [notice] 1#1: start worker processes
2025/03/18 16:20:25 [notice] 1#1: start worker process 6
2025/03/18 16:20:25 [notice] 1#1: start worker process 7
2025/03/18 16:50:13 [notice] 1#1: signal 15 (SIGTERM) received, exiting
2025/03/18 16:50:13 [notice] 7#7: exiting
2025/03/18 16:50:13 [notice] 6#6: exiting
2025/03/18 16:50:13 [notice] 7#7: exit
2025/03/18 16:50:13 [notice] 6#6: exit
2025/03/18 16:50:13 [notice] 1#1: signal 17 (SIGCHLD) received from 7
2025/03/18 16:50:13 [notice] 1#1: worker process 7 exited with code 0
2025/03/18 16:50:13 [notice] 1#1: signal 29 (SIGIO) received
2025/03/18 16:50:13 [notice] 1#1: signal 17 (SIGCHLD) received from 6
2025/03/18 16:50:13 [notice] 1#1: worker process 6 exited with code 0
2025/03/18 16:50:13 [notice] 1#1: exit
2025/03/18 16:50:26 [notice] 1#1: using the "epoll" event method
2025/03/18 16:50:26 [notice] 1#1: nginx/1.26.3
2025/03/18 16:50:26 [notice] 1#1: OS: Linux 6.1.0-31-amd64
2025/03/18 16:50:26 [notice] 1#1: getrlimit(RLIMIT_NOFILE): 1048576:1048576
2025/03/18 16:50:26 [notice] 1#1: start worker processes
2025/03/18 16:50:26 [notice] 1#1: start worker process 7
2025/03/18 16:50:26 [notice] 1#1: start worker process 8
2025/03/18 17:12:10 [notice] 1#1: signal 15 (SIGTERM) received, exiting
2025/03/18 17:12:10 [notice] 8#8: exiting
2025/03/18 17:12:10 [notice] 8#8: exit
2025/03/18 17:12:10 [notice] 7#7: exiting
2025/03/18 17:12:10 [notice] 7#7: exit
2025/03/18 17:12:10 [notice] 1#1: signal 17 (SIGCHLD) received from 7
2025/03/18 17:12:10 [notice] 1#1: worker process 7 exited with code 0
2025/03/18 17:12:10 [notice] 1#1: worker process 8 exited with code 0
2025/03/18 17:12:10 [notice] 1#1: exit
2025/03/18 17:12:10 [notice] 1#1: using the "epoll" event method
2025/03/18 17:12:10 [notice] 1#1: nginx/1.26.3
2025/03/18 17:12:10 [notice] 1#1: OS: Linux 6.1.0-31-amd64
2025/03/18 17:12:10 [notice] 1#1: getrlimit(RLIMIT_NOFILE): 1048576:1048576
2025/03/18 17:12:10 [notice] 1#1: start worker processes
2025/03/18 17:12:10 [notice] 1#1: start worker process 7
2025/03/18 17:12:10 [notice] 1#1: start worker process 8
2025/03/18 17:24:46 [notice] 1#1: signal 15 (SIGTERM) received, exiting
2025/03/18 17:24:46 [notice] 7#7: exiting
2025/03/18 17:24:46 [notice] 8#8: exiting
2025/03/18 17:24:46 [notice] 7#7: exit
2025/03/18 17:24:46 [notice] 8#8: exit
2025/03/18 17:24:46 [notice] 1#1: signal 17 (SIGCHLD) received from 8
2025/03/18 17:24:46 [notice] 1#1: worker process 7 exited with code 0
2025/03/18 17:24:46 [notice] 1#1: worker process 8 exited with code 0
2025/03/18 17:24:46 [notice] 1#1: exit
2025/03/18 17:24:59 [notice] 1#1: using the "epoll" event method
2025/03/18 17:24:59 [notice] 1#1: nginx/1.26.3
2025/03/18 17:24:59 [notice] 1#1: OS: Linux 6.1.0-31-amd64
2025/03/18 17:24:59 [notice] 1#1: getrlimit(RLIMIT_NOFILE): 1048576:1048576
2025/03/18 17:24:59 [notice] 1#1: start worker processes
2025/03/18 17:24:59 [notice] 1#1: start worker process 7
2025/03/18 17:24:59 [notice] 1#1: start worker process 8
2025/03/18 17:27:18 [notice] 1#1: signal 15 (SIGTERM) received, exiting
2025/03/18 17:27:18 [notice] 7#7: exiting
2025/03/18 17:27:18 [notice] 8#8: exiting
2025/03/18 17:27:18 [notice] 7#7: exit
2025/03/18 17:27:18 [notice] 8#8: exit
2025/03/18 17:27:18 [notice] 1#1: signal 17 (SIGCHLD) received from 7
2025/03/18 17:27:18 [notice] 1#1: worker process 7 exited with code 0
2025/03/18 17:27:18 [notice] 1#1: signal 29 (SIGIO) received
2025/03/18 17:27:18 [notice] 1#1: signal 17 (SIGCHLD) received from 8
2025/03/18 17:27:18 [notice] 1#1: worker process 8 exited with code 0
2025/03/18 17:27:18 [notice] 1#1: exit
2025/03/18 17:27:19 [notice] 1#1: using the "epoll" event method
2025/03/18 17:27:19 [notice] 1#1: nginx/1.26.3
2025/03/18 17:27:19 [notice] 1#1: OS: Linux 6.1.0-31-amd64
2025/03/18 17:27:19 [notice] 1#1: getrlimit(RLIMIT_NOFILE): 1048576:1048576
2025/03/18 17:27:19 [notice] 1#1: start worker processes
2025/03/18 17:27:19 [notice] 1#1: start worker process 7
2025/03/18 17:27:19 [notice] 1#1: start worker process 8
2025/03/18 17:59:01 [notice] 1#1: signal 15 (SIGTERM) received, exiting
2025/03/18 17:59:01 [notice] 8#8: exiting
2025/03/18 17:59:01 [notice] 8#8: exit
2025/03/18 17:59:01 [notice] 7#7: exiting
2025/03/18 17:59:01 [notice] 7#7: exit
2025/03/18 17:59:01 [notice] 1#1: signal 17 (SIGCHLD) received from 8
2025/03/18 17:59:01 [notice] 1#1: worker process 8 exited with code 0
2025/03/18 17:59:01 [notice] 1#1: signal 29 (SIGIO) received
2025/03/18 17:59:01 [notice] 1#1: signal 17 (SIGCHLD) received from 7
2025/03/18 17:59:01 [notice] 1#1: worker process 7 exited with code 0
2025/03/18 17:59:01 [notice] 1#1: exit
